2020-01-03 8:03:20 - Response
2020-01-03 8:03:25 - SaveOrderToDatabase
2020-01-03 8:03:25 - 2153
2020-01-03 8:03:25 - cod
2020-01-03 8:03:25 - Status
2020-01-03 8:03:25 - 0
2020-01-03 8:03:27 - If order id in session
2020-01-03 8:03:27 - End of Save order to database
2020-01-03 8:03:27 - Response
2020-01-03 8:04:15 - Response
2020-01-07 11:45:23 - Response
2020-01-07 11:45:28 - SaveOrderToDatabase
2020-01-07 11:45:28 - 2155
2020-01-07 11:45:28 - cod
2020-01-07 11:45:28 - Status
2020-01-07 11:45:28 - 0
2020-01-07 11:45:30 - If order id in session
2020-01-07 11:45:30 - End of Save order to database
2020-01-07 11:45:30 - Response
2020-01-07 11:53:36 - Response
2020-01-07 12:02:48 - Response
2020-01-07 13:36:42 - Response
2020-01-07 13:36:42 - SaveOrderToDatabase
2020-01-07 13:36:42 - 
2020-01-07 13:36:42 - End of Save order to database
2020-01-07 13:36:42 - Response
2020-01-07 13:41:21 - SaveOrderToDatabase
2020-01-07 13:41:21 - 
2020-01-07 13:41:21 - End of Save order to database
2020-01-07 13:41:21 - Response
2020-01-07 13:41:55 - Response
2020-01-07 13:43:30 - Response
2020-01-07 13:44:28 - Response
2020-01-07 13:49:19 - Response
2020-01-07 13:52:29 - SaveOrderToDatabase
2020-01-07 13:52:29 - 2157
2020-01-07 13:52:29 - cod
2020-01-07 13:52:29 - Status
2020-01-07 13:52:29 - 0
2020-01-07 13:52:31 - If order id in session
2020-01-07 13:52:31 - End of Save order to database
2020-01-07 13:52:31 - Response
2020-01-07 13:52:47 - SaveOrderToDatabase
2020-01-07 13:52:47 - 
2020-01-07 13:52:47 - End of Save order to database
2020-01-07 13:52:47 - Response
2020-01-07 13:52:56 - SaveOrderToDatabase
2020-01-07 13:52:56 - 
2020-01-07 13:52:56 - End of Save order to database
2020-01-07 13:52:56 - Response
2020-01-07 13:54:05 - SaveOrderToDatabase
2020-01-07 13:54:05 - 
2020-01-07 13:54:05 - End of Save order to database
2020-01-07 13:54:05 - Response
2020-01-07 14:05:27 - Response
2020-01-07 14:06:53 - SaveOrderToDatabase
2020-01-07 14:06:53 - 2158
2020-01-07 14:06:53 - cod
2020-01-07 14:06:53 - Status
2020-01-07 14:06:53 - 0
2020-01-07 14:06:55 - If order id in session
2020-01-07 14:06:55 - End of Save order to database
2020-01-07 14:06:55 - Response
2020-01-07 14:30:16 - Response
2020-01-07 14:30:20 - SaveOrderToDatabase
2020-01-07 14:30:20 - 2159
2020-01-07 14:30:20 - cod
2020-01-07 14:30:20 - Status
2020-01-07 14:30:20 - 0
2020-01-07 14:30:22 - If order id in session
2020-01-07 14:30:22 - End of Save order to database
2020-01-07 14:30:22 - Response
2020-01-07 16:00:58 - Response
2020-01-07 16:01:00 - SaveOrderToDatabase
2020-01-07 16:01:00 - 2160
2020-01-07 16:01:00 - cod
2020-01-07 16:01:00 - Status
2020-01-07 16:01:00 - 0
2020-01-07 16:01:03 - If order id in session
2020-01-07 16:01:03 - End of Save order to database
2020-01-07 16:01:03 - Response
2020-01-07 16:13:28 - Response
2020-01-07 16:13:30 - SaveOrderToDatabase
2020-01-07 16:13:30 - 2161
2020-01-07 16:13:30 - cod
2020-01-07 16:13:30 - Status
2020-01-07 16:13:30 - 0
2020-01-07 16:13:32 - If order id in session
2020-01-07 16:13:32 - End of Save order to database
2020-01-07 16:13:32 - Response
2020-01-07 17:00:57 - Response
2020-01-07 17:00:57 - SaveOrderToDatabase
2020-01-07 17:00:57 - 
2020-01-07 17:00:57 - End of Save order to database
2020-01-07 17:00:57 - Response
2020-01-08 2:47:47 - Response
2020-01-08 2:47:51 - SaveOrderToDatabase
2020-01-08 2:47:51 - 2162
2020-01-08 2:47:51 - cod
2020-01-08 2:47:51 - Status
2020-01-08 2:47:51 - 0
2020-01-08 2:47:53 - If order id in session
2020-01-08 2:47:53 - End of Save order to database
2020-01-08 2:47:53 - Response
2020-01-08 2:56:18 - Response
2020-01-08 2:56:20 - SaveOrderToDatabase
2020-01-08 2:56:20 - 2163
2020-01-08 2:56:20 - cod
2020-01-08 2:56:20 - Status
2020-01-08 2:56:20 - 0
2020-01-08 2:56:23 - If order id in session
2020-01-08 2:56:23 - End of Save order to database
2020-01-08 2:56:23 - Response
2020-01-08 3:07:10 - Response
2020-01-08 3:07:13 - SaveOrderToDatabase
2020-01-08 3:07:13 - 2164
2020-01-08 3:07:13 - cod
2020-01-08 3:07:13 - Status
2020-01-08 3:07:13 - 0
2020-01-08 3:07:16 - If order id in session
2020-01-08 3:07:16 - End of Save order to database
2020-01-08 3:07:16 - Response
2020-01-08 3:22:54 - Response
2020-01-08 3:22:56 - SaveOrderToDatabase
2020-01-08 3:22:56 - 2165
2020-01-08 3:22:56 - cod
2020-01-08 3:22:56 - Status
2020-01-08 3:22:56 - 0
2020-01-08 3:22:59 - If order id in session
2020-01-08 3:22:59 - End of Save order to database
2020-01-08 3:22:59 - Response
2020-01-08 3:24:26 - Response
2020-01-08 3:24:29 - SaveOrderToDatabase
2020-01-08 3:24:29 - 2166
2020-01-08 3:24:29 - cod
2020-01-08 3:24:29 - Status
2020-01-08 3:24:29 - 0
2020-01-08 3:24:31 - If order id in session
2020-01-08 3:24:31 - End of Save order to database
2020-01-08 3:24:31 - Response
2020-01-08 3:27:29 - Response
2020-01-08 3:27:35 - SaveOrderToDatabase
2020-01-08 3:27:35 - 2167
2020-01-08 3:27:35 - cod
2020-01-08 3:27:35 - Status
2020-01-08 3:27:35 - 0
2020-01-08 3:27:36 - If order id in session
2020-01-08 3:27:36 - End of Save order to database
2020-01-08 3:27:36 - Response
2020-01-08 16:04:01 - Response
2020-01-08 16:04:01 - SaveOrderToDatabase
2020-01-08 16:04:01 - 
2020-01-08 16:04:01 - End of Save order to database
2020-01-08 16:04:01 - Response
2020-01-08 16:05:47 - Response
2020-01-08 16:05:48 - SaveOrderToDatabase
2020-01-08 16:05:48 - 
2020-01-08 16:05:48 - End of Save order to database
2020-01-08 16:05:48 - Response
2020-01-21 7:05:22 - Response
2020-01-21 7:05:24 - SaveOrderToDatabase
2020-01-21 7:05:24 - 2168
2020-01-21 7:05:24 - cod
2020-01-21 7:05:24 - Status
2020-01-21 7:05:24 - 0
2020-01-21 7:05:27 - If order id in session
2020-01-21 7:05:27 - End of Save order to database
2020-01-21 7:05:27 - Response
2020-01-21 7:06:56 - Response
2020-01-21 7:07:00 - SaveOrderToDatabase
2020-01-21 7:07:00 - 2169
2020-01-21 7:07:00 - cod
2020-01-21 7:07:00 - Status
2020-01-21 7:07:00 - 0
2020-01-21 7:07:01 - If order id in session
2020-01-21 7:07:01 - End of Save order to database
2020-01-21 7:07:01 - Response
2020-01-21 7:08:34 - Response
2020-01-21 7:08:39 - SaveOrderToDatabase
2020-01-21 7:08:39 - 2170
2020-01-21 7:08:39 - cod
2020-01-21 7:08:39 - Status
2020-01-21 7:08:39 - 0
2020-01-21 7:08:40 - If order id in session
2020-01-21 7:08:40 - End of Save order to database
2020-01-21 7:08:40 - Response
2020-01-21 7:52:51 - Response
2020-01-21 7:53:19 - Response
2020-01-21 7:53:21 - SaveOrderToDatabase
2020-01-21 7:53:21 - 2172
2020-01-21 7:53:21 - cod
2020-01-21 7:53:21 - Status
2020-01-21 7:53:21 - 0
2020-01-21 7:53:23 - If order id in session
2020-01-21 7:53:23 - End of Save order to database
2020-01-21 7:53:23 - Response
2020-01-27 8:47:57 - Response
2020-01-27 8:47:59 - SaveOrderToDatabase
2020-01-27 8:47:59 - 2173
2020-01-27 8:47:59 - cod
2020-01-27 8:47:59 - Status
2020-01-27 8:47:59 - 0
2020-01-27 8:48:02 - If order id in session
2020-01-27 8:48:02 - End of Save order to database
2020-01-27 8:48:02 - Response
2020-01-27 10:26:16 - Response
2020-01-27 10:26:22 - SaveOrderToDatabase
2020-01-27 10:26:22 - 2174
2020-01-27 10:26:22 - cod
2020-01-27 10:26:22 - Status
2020-01-27 10:26:22 - 0
2020-01-27 10:26:24 - If order id in session
2020-01-27 10:26:24 - End of Save order to database
2020-01-27 10:26:24 - Response
2020-01-28 19:17:05 - Response
2020-01-28 19:17:12 - SaveOrderToDatabase
2020-01-28 19:17:12 - 2175
2020-01-28 19:17:12 - cod
2020-01-28 19:17:12 - Status
2020-01-28 19:17:12 - 0
2020-01-28 19:17:14 - If order id in session
2020-01-28 19:17:14 - End of Save order to database
2020-01-28 19:17:14 - Response
2020-01-28 19:17:14 - SaveOrderToDatabase
2020-01-28 19:17:14 - 
2020-01-28 19:17:14 - End of Save order to database
2020-01-28 19:17:14 - Response
2020-01-30 9:24:53 - Response
2020-01-30 9:29:13 - Response
2020-02-03 3:05:24 - Response
2020-02-03 19:10:49 - Response
2020-02-03 19:11:06 - SaveOrderToDatabase
2020-02-03 19:11:06 - 2178
2020-02-03 19:11:06 - cod
2020-02-03 19:11:06 - Status
2020-02-03 19:11:06 - 0
2020-02-03 19:11:09 - If order id in session
2020-02-03 19:11:09 - End of Save order to database
2020-02-03 19:11:09 - Response
2020-02-03 19:12:24 - Response
2020-02-04 8:24:30 - Response
2020-02-04 8:24:32 - SaveOrderToDatabase
2020-02-04 8:24:32 - 2180
2020-02-04 8:24:32 - cod
2020-02-04 8:24:32 - Status
2020-02-04 8:24:32 - 0
2020-02-04 8:24:33 - If order id in session
2020-02-04 8:24:33 - End of Save order to database
2020-02-04 8:24:33 - Response
2020-02-04 14:36:47 - Response
2020-02-04 14:36:49 - SaveOrderToDatabase
2020-02-04 14:36:49 - 2181
2020-02-04 14:36:49 - cod
2020-02-04 14:36:49 - Status
2020-02-04 14:36:49 - 0
2020-02-04 14:36:53 - If order id in session
2020-02-04 14:36:53 - End of Save order to database
2020-02-04 14:36:53 - Response
2020-02-04 14:43:37 - Response
2020-02-04 14:43:39 - SaveOrderToDatabase
2020-02-04 14:43:39 - 2182
2020-02-04 14:43:39 - cod
2020-02-04 14:43:39 - Status
2020-02-04 14:43:39 - 0
2020-02-04 14:43:41 - If order id in session
2020-02-04 14:43:41 - End of Save order to database
2020-02-04 14:43:41 - Response
2020-02-04 14:47:42 - Response
2020-02-04 14:47:44 - SaveOrderToDatabase
2020-02-04 14:47:44 - 2183
2020-02-04 14:47:44 - cod
2020-02-04 14:47:44 - Status
2020-02-04 14:47:44 - 0
2020-02-04 14:47:45 - If order id in session
2020-02-04 14:47:45 - End of Save order to database
2020-02-04 14:47:45 - Response
2020-02-04 14:48:41 - Response
2020-02-04 14:48:42 - SaveOrderToDatabase
2020-02-04 14:48:42 - 2184
2020-02-04 14:48:42 - cod
2020-02-04 14:48:42 - Status
2020-02-04 14:48:42 - 0
2020-02-04 14:48:43 - If order id in session
2020-02-04 14:48:43 - End of Save order to database
2020-02-04 14:48:43 - Response
2020-02-05 3:21:29 - Response
2020-02-05 3:21:30 - SaveOrderToDatabase
2020-02-05 3:21:30 - 2185
2020-02-05 3:21:30 - cod
2020-02-05 3:21:30 - Status
2020-02-05 3:21:30 - 0
2020-02-05 3:21:33 - If order id in session
2020-02-05 3:21:33 - End of Save order to database
2020-02-05 3:21:33 - Response
2020-02-05 3:32:50 - Response
2020-02-05 3:33:33 - Response
2020-02-05 3:33:34 - SaveOrderToDatabase
2020-02-05 3:33:34 - 2186
2020-02-05 3:33:34 - cod
2020-02-05 3:33:34 - Status
2020-02-05 3:33:34 - 0
2020-02-05 3:33:36 - If order id in session
2020-02-05 3:33:36 - End of Save order to database
2020-02-05 3:33:36 - Response
2020-02-05 3:34:57 - Response
2020-02-05 3:34:58 - SaveOrderToDatabase
2020-02-05 3:34:58 - 2187
2020-02-05 3:34:58 - cod
2020-02-05 3:34:58 - Status
2020-02-05 3:34:58 - 0
2020-02-05 3:35:01 - If order id in session
2020-02-05 3:35:01 - End of Save order to database
2020-02-05 3:35:01 - Response
2020-02-08 11:40:39 - Response
2020-02-13 19:23:38 - Response
2020-02-14 2:43:43 - Response
2020-02-14 2:43:46 - SaveOrderToDatabase
2020-02-14 2:43:46 - 2190
2020-02-14 2:43:46 - cod
2020-02-14 2:43:46 - Status
2020-02-14 2:43:46 - 0
2020-02-14 2:43:49 - If order id in session
2020-02-14 2:43:49 - End of Save order to database
2020-02-14 2:43:49 - Response
2020-05-29 8:25:56 - Response
2020-05-29 8:31:04 - Response
2020-05-29 8:45:12 - Response
2020-06-10 9:56:50 - Response
2020-06-10 10:00:27 - Response
2020-06-10 10:00:47 - Response
2020-06-10 10:01:33 - Response
2020-06-10 10:07:47 - Response
2020-07-27 11:20:01 - Response
2020-07-27 11:25:12 - Response
2020-07-27 11:27:22 - Response
2020-07-27 11:30:03 - Response
2020-07-27 11:30:06 - Response
2020-07-27 11:42:13 - SaveOrderToDatabase
2020-07-27 11:42:13 - 2246
2020-07-27 11:42:13 - cod
2020-07-27 11:42:13 - Status
2020-07-27 11:42:13 - 0
2020-07-27 11:42:13 - If order id in session
2020-07-27 11:42:13 - End of Save order to database
2020-07-27 11:42:13 - Response
