2019-04-06 14:28:13 - Array
(
)

2019-04-06 14:28:16 - 1
2019-04-10 3:17:18 - Array
(
)

2019-04-10 3:17:19 - 1
2019-04-10 6:40:56 - Array
(
)

2019-04-10 6:40:56 - 1
2019-04-10 6:44:14 - Array
(
)

2019-04-10 6:44:15 - 1
2019-04-10 15:06:24 - Array
(
)

2019-04-10 15:06:25 - 1
2019-04-10 15:06:51 - getOrder - 778
2019-04-10 15:46:48 - Array
(
)

2019-04-10 15:46:48 - 1
2019-04-10 15:47:30 - getOrder - 779
2019-04-11 4:40:48 - Array
(
)

2019-04-11 4:40:49 - 1
2019-04-21 2:59:59 - Array
(
)

2019-04-21 3:00:01 - 1
2019-04-21 3:00:32 - Array
(
)

2019-04-21 3:00:32 - 1
2019-04-21 3:00:52 - Array
(
)

2019-04-21 3:00:52 - 1
2019-04-21 3:03:36 - Array
(
)

2019-04-21 3:03:36 - 1
2019-04-21 3:04:33 - Array
(
)

2019-04-21 3:04:34 - 1
2019-04-21 3:04:42 - Array
(
)

2019-04-21 3:04:42 - 1
2019-04-21 3:04:57 - Array
(
)

2019-04-21 3:04:57 - 1
2019-04-21 3:05:10 - Array
(
)

2019-04-21 3:05:11 - 1
2019-04-21 3:06:01 - Array
(
)

2019-04-21 3:06:02 - 1
2019-04-21 3:06:25 - Array
(
)

2019-04-21 3:06:26 - 1
2019-04-21 3:06:55 - Array
(
)

2019-04-21 3:06:55 - 1
2019-04-21 3:07:21 - Array
(
)

2019-04-21 3:07:21 - 1
2019-04-21 3:08:10 - Array
(
)

2019-04-21 3:08:11 - 1
2019-04-21 3:10:21 - Array
(
)

2019-04-21 3:10:21 - 1
2019-04-21 3:10:41 - Array
(
)

2019-04-21 3:10:41 - 1
2019-04-21 3:10:55 - Array
(
)

2019-04-21 3:10:56 - 1
2019-04-21 3:14:42 - Array
(
)

2019-04-21 3:14:43 - 1
2019-04-25 7:19:58 - Array
(
)

2019-04-25 7:20:00 - 1
2019-04-25 7:30:18 - Array
(
)

2019-04-25 7:30:19 - 1
2019-04-26 13:47:20 - Array
(
)

2019-04-26 13:47:21 - 1
2019-04-26 15:34:02 - Array
(
)

2019-04-26 15:34:02 - 1
2019-04-27 16:40:53 - Array
(
)

2019-04-27 16:40:55 - 1
2019-04-30 14:23:09 - Array
(
)

2019-04-30 14:23:11 - 1
2019-05-06 15:16:34 - Array
(
)

2019-05-06 15:16:34 - Array
(
)

2019-05-06 15:16:36 - 1
2019-05-06 15:16:36 - 1
2019-05-16 15:31:34 - Array
(
)

2019-05-16 15:31:38 - 1
2019-05-20 3:44:34 - Array
(
)

2019-05-20 3:44:37 - 1
2019-05-20 3:46:15 - Array
(
)

2019-05-20 3:46:16 - 1
2019-05-20 3:49:07 - Array
(
)

2019-05-20 3:49:08 - 1
2019-05-26 16:30:45 - Array
(
)

2019-05-26 16:30:47 - 1
2019-06-04 14:50:54 - Array
(
)

2019-06-04 14:50:57 - 1
2019-07-30 4:09:06 - getOrder - 311
2019-07-30 4:12:56 - getOrder - 311
2019-07-30 4:49:28 - getOrder - 311
2019-07-30 5:01:15 - getOrder - 311
2019-07-30 5:03:55 - getOrder - 311
2019-07-30 5:45:05 - getOrder - 311
2019-07-30 10:24:13 - getOrder - 311
2019-07-31 1:32:57 - getOrder - 311
2019-07-31 1:32:58 - getOrder - 311
2019-08-05 5:10:57 - Array
(
)

2019-08-05 5:11:01 - 1
2019-08-06 3:34:43 - Array
(
)

2019-08-06 3:34:44 - 1
2019-08-08 5:11:28 - Array
(
)

2019-08-08 5:11:30 - 1
2019-08-08 5:18:44 - Array
(
)

2019-08-08 5:18:45 - 1
2019-08-08 5:20:40 - Array
(
)

2019-08-08 5:20:42 - 1
2019-08-09 3:37:47 - Array
(
)

2019-08-09 3:37:48 - 1
2019-08-09 3:37:50 - Array
(
)

2019-08-09 3:37:51 - 1
2019-08-09 3:37:53 - Array
(
)

2019-08-09 3:37:53 - 1
2019-08-09 4:31:14 - Array
(
)

2019-08-09 4:31:16 - 1
2019-08-09 4:34:58 - getOrder - 452
2019-08-09 5:00:21 - Array
(
)

2019-08-09 5:00:22 - 1
2019-08-09 7:43:41 - getOrder - 452
2019-08-09 9:12:46 - getOrder - 452
2019-08-09 12:21:35 - getOrder - 452
2019-08-10 2:33:23 - getOrder - 452
2019-08-10 3:08:26 - getOrder - 452
2019-08-20 8:25:29 - Array
(
)

2019-08-20 8:25:32 - 1
2019-08-20 8:37:10 - Array
(
)

2019-08-20 8:37:12 - 1
2019-08-20 9:13:23 - Array
(
)

2019-08-20 9:13:26 - 1
2019-08-21 4:56:51 - Array
(
)

2019-08-21 4:56:53 - 1
2019-08-23 5:03:53 - Array
(
)

2019-08-23 7:09:54 - Array
(
)

2019-08-23 14:42:40 - Array
(
)

2019-08-23 14:43:46 - getOrder - 915
2019-08-23 14:52:58 - getOrder - 915
2019-08-24 1:24:39 - getOrder - 915
2019-08-24 1:31:35 - getOrder - 915
2019-08-24 2:06:52 - getOrder - 915
2019-08-25 2:33:34 - Array
(
)

2019-08-25 3:09:19 - getOrder - 928
2019-08-25 4:41:15 - getOrder - 928
2019-08-25 6:47:59 - getOrder - 928
2019-08-25 11:13:05 - getOrder - 928
2019-08-26 3:49:02 - getOrder - 915
2019-08-26 9:23:58 - Array
(
)

2019-08-26 11:47:28 - Array
(
)

2019-08-26 11:47:44 - Array
(
)

2019-08-26 11:48:01 - Array
(
)

2019-08-26 11:48:23 - Array
(
)

2019-08-26 11:48:28 - Array
(
)

2019-08-26 12:06:11 - Array
(
)

2019-09-05 2:44:51 - getOrder - 928
2019-09-05 3:04:36 - 
2019-09-05 3:08:51 - 1225
2019-09-05 9:18:15 - 1225
2019-09-13 16:33:58 - assert
2019-09-16 2:52:06 - 1372
2019-09-16 6:47:07 - 1378
2019-09-16 7:29:56 - 1383
2019-09-19 6:12:05 - 1420
2019-09-19 6:12:16 - 1420
2019-09-20 1:29:27 - 1441
2019-09-24 4:37:00 - 1559
2019-09-24 8:53:26 - 1579
2019-09-28 17:03:08 - assert
2019-09-28 17:03:08 - assert
2019-09-28 17:03:10 - 
2019-10-01 17:06:05 - assert
2019-10-01 17:29:11 - assert
2019-10-02 8:51:48 - 
2019-10-03 2:54:58 - 1875
2019-10-03 12:48:57 - 
2019-10-03 17:08:35 - assert
2019-10-03 17:08:38 - assert
2019-10-04 0:31:03 - 1920
2019-10-04 3:51:02 - 1935
2019-10-04 5:00:09 - 1947
2019-10-04 18:21:28 - 
2019-10-05 21:23:13 - 
2019-10-06 20:52:27 - 
2019-10-08 6:52:44 - 2216
2019-10-08 12:20:22 - 
2019-10-08 17:13:08 - assert
2019-10-08 17:13:08 - assert
2019-10-10 4:27:08 - 
2019-10-13 20:48:54 - 
2019-10-15 2:04:26 - 2389
2019-10-15 5:00:46 - 
2019-10-15 10:55:41 - 2520
2019-10-15 12:09:36 - assert
2019-10-15 12:09:39 - assert
2019-10-15 12:09:42 - assert
2019-10-15 15:08:34 - assert
2019-10-15 15:30:27 - assert
2019-10-15 16:54:03 - assert
2019-10-15 16:54:05 - assert
2019-10-15 17:35:21 - 
2019-10-15 21:43:59 - assert
2019-10-15 21:44:00 - assert
2019-10-16 1:58:06 - 2573
2019-10-16 5:32:55 - 2631
2019-10-16 16:52:27 - 2690
2019-10-16 17:07:19 - 2690
2019-10-17 7:23:11 - 2742
2019-10-17 15:06:45 - 2764
2019-10-17 18:30:37 - 
2019-10-17 18:39:08 - assert
2019-10-18 1:12:44 - 2775
2019-10-18 5:04:08 - Array
(
)

2019-10-18 5:04:11 - 1
2019-10-18 7:11:48 - 2803
2019-10-18 15:51:37 - 2829
2019-10-18 16:18:55 - 2832
2019-10-19 2:39:35 - 2842
2019-10-19 7:56:07 - 2902
2019-10-19 7:57:20 - 2902
2019-10-20 2:12:14 - 
2019-10-20 2:56:39 - 2941
2019-10-20 11:12:35 - 2983
2019-10-21 1:18:13 - 3008
2019-10-21 2:50:30 - 3015
2019-10-21 3:32:03 - 3017
2019-10-22 2:48:28 - assert
2019-10-22 5:42:28 - 3097
2019-10-24 2:39:16 - 
2019-10-25 4:50:14 - 
2019-10-28 4:56:40 - assert
2019-10-28 5:11:55 - assert
2019-10-29 8:55:27 - 
2019-10-31 6:15:41 - 
2019-10-31 9:35:21 - assert
2019-11-02 13:45:21 - 3247
2019-11-03 2:06:57 - 3247
2019-11-03 4:42:06 - 3274
2019-11-03 5:34:30 - 3279
2019-11-04 15:28:11 - assert
2019-11-04 16:48:05 - 
2019-11-05 3:05:44 - 3414
2019-11-05 3:07:32 - 3415
2019-11-05 6:27:47 - assert
2019-11-05 12:24:45 - 3515
2019-11-07 18:58:06 - 
2019-11-07 18:58:08 - assert
2019-11-08 2:54:12 - 3795
2019-11-08 4:33:16 - 3814
2019-11-08 11:14:38 - 3848
2019-11-08 12:06:07 - assert
2019-11-09 4:19:53 - 3901
2019-11-09 5:12:29 - 3915
2019-11-10 19:02:11 - assert
2019-11-11 12:28:03 - assert
2019-11-12 10:50:21 - 4137
2019-11-12 15:48:49 - 4147
2019-11-14 19:07:18 - 
2019-11-15 10:06:47 - assert
2019-11-17 5:33:55 - 4240
2019-11-17 6:06:52 - 4242
2019-11-17 7:04:36 - 4250
2019-11-17 19:10:23 - assert
2019-11-17 19:10:23 - assert
2019-11-18 19:10:46 - 
2019-11-21 0:16:24 - assert
2019-11-21 1:41:42 - 4396
2019-11-21 1:41:50 - 4396
2019-11-21 4:27:13 - 4408
2019-11-21 4:29:09 - 4408
2019-11-21 4:29:13 - 4408
2019-11-21 10:15:41 - 4439
2019-11-22 17:08:27 - 4483
2019-11-24 6:45:15 - 4525
2019-11-24 13:42:43 - 4546
2019-11-25 1:44:28 - 
2019-11-25 3:02:47 - 4574
2019-11-25 10:41:52 - 4590
2019-11-27 4:49:26 - 4698
2019-11-27 5:31:03 - assert
2019-11-27 13:42:52 - 4722
2019-11-28 2:21:57 - 
2019-11-29 1:48:04 - 4778
2019-11-30 2:40:59 - 4819
2019-11-30 6:30:37 - assert
2019-12-03 2:27:35 - 
2019-12-03 16:56:38 - assert
2019-12-04 4:55:04 - 4926
2019-12-06 5:30:59 - 
2019-12-06 20:27:45 - 
2019-12-06 20:27:47 - assert
2019-12-10 19:34:00 - 
2019-12-10 19:34:00 - 
2019-12-10 19:34:01 - assert
2019-12-11 9:55:19 - 5100
2019-12-12 11:06:13 - 5190
2019-12-13 3:12:02 - 5230
2019-12-14 8:38:22 - 
2019-12-14 8:38:23 - assert
2019-12-14 18:36:56 - 
2019-12-17 6:03:39 - 5372
2019-12-18 12:43:13 - 
2019-12-20 14:22:37 - 5458
2019-12-20 14:24:02 - 5458
2019-12-21 21:56:16 - 
2019-12-21 21:56:17 - assert
2019-12-23 13:54:34 - 
2019-12-23 14:58:15 - 
2019-12-24 1:01:15 - 5569
2019-12-24 3:22:11 - 5579
2019-12-24 4:35:18 - 5581
2019-12-24 8:45:36 - 5569
2019-12-24 14:09:44 - 5604
2019-12-25 1:03:25 - 
2019-12-25 1:03:25 - assert
2019-12-25 10:20:52 - 5668
2019-12-28 7:55:57 - 5770
2019-12-28 9:09:05 - 
2019-12-28 9:09:06 - assert
2019-12-29 5:54:02 - 5796
2019-12-29 9:30:01 - 5803
2019-12-30 21:05:51 - 
2019-12-30 21:05:53 - assert
2020-01-02 1:54:25 - 5895
2020-01-02 2:40:13 - 5896
2020-01-03 3:27:05 - 5920
2020-01-04 1:09:20 - 
2020-01-06 8:28:27 - 5994
2020-01-09 3:58:56 - 
2020-01-09 7:49:40 - 6091
2020-01-10 14:00:49 - 6116
2020-01-11 13:31:09 - 
2020-01-11 14:26:43 - 6121
2020-01-11 14:26:50 - 6121
2020-01-12 23:00:46 - 
2020-01-14 2:41:07 - 6148
2020-01-15 22:09:20 - 
2020-01-16 3:18:39 - 6203
2020-01-16 20:39:46 - 
2020-01-17 8:52:38 - 
2020-01-17 19:32:39 - 
2020-01-18 2:19:14 - 
2020-01-19 7:18:12 - 6319
2020-01-20 18:14:16 - 
2020-01-20 21:12:30 - 
2020-01-20 22:27:18 - 
2020-01-20 22:27:20 - assert
2020-01-22 18:03:28 - 
2020-01-24 5:33:01 - 
2020-01-24 15:32:46 - 
2020-01-26 11:54:42 - 
2020-01-26 20:14:21 - 
2020-01-28 3:20:34 - 6579
2020-01-28 6:25:43 - 
2020-01-29 3:32:16 - 
2020-01-29 3:59:12 - 6639
2020-01-30 2:52:04 - 
2020-01-30 11:28:37 - 
2020-01-30 11:31:49 - 
2020-01-30 22:18:31 - 
2020-01-31 12:26:05 - 6748
2020-01-31 23:57:36 - 
2020-02-01 16:49:24 - 4698
2020-02-01 21:16:02 - 5994
2020-02-02 21:49:56 - 
2020-02-03 0:57:12 - 6821
2020-02-03 5:09:39 - 6834
2020-02-03 12:08:38 - 6579
2020-02-03 13:29:56 - 
2020-02-04 22:52:26 - 
2020-02-06 19:17:41 - 
2020-02-07 1:25:15 - 
2020-02-07 11:07:22 - 6995
2020-02-08 3:22:15 - 7006
2020-02-08 16:03:34 - 6995
2020-02-08 16:03:35 - 
2020-02-10 5:02:10 - 
2020-02-10 5:02:53 - 7059
2020-02-10 23:40:56 - 
2020-02-10 23:40:58 - assert
2020-02-12 4:39:16 - 
2020-02-13 1:49:06 - 
2020-02-14 4:36:08 - 
2020-02-16 7:04:20 - 
2020-02-16 9:25:43 - 7180
2020-02-16 10:05:24 - 
2020-02-17 9:08:57 - 7203
2020-02-18 1:56:55 - 7217
2020-02-18 4:18:43 - 
2020-02-19 4:01:36 - 7281
2020-02-20 2:06:47 - 
2020-02-20 3:17:31 - 7310
2020-02-20 3:17:48 - 7310
2020-02-20 4:51:00 - 7315
2020-02-27 7:08:23 - 7503
2020-02-27 9:15:48 - 7507
2020-02-27 9:24:05 - 7510
2020-02-27 16:40:48 - 7524
2020-03-04 12:04:24 - 
2020-03-04 12:04:26 - assert
2020-03-04 12:09:30 - 
2020-03-12 11:29:41 - 7823
2020-03-17 3:43:20 - 7949
2020-03-17 3:43:36 - 7949
2020-03-20 10:49:44 - 8050
2020-03-26 14:34:52 - Array
(
)

2020-03-26 14:34:57 - 1
2020-03-26 18:29:48 - 5581
2020-03-27 1:05:09 - getOrder - 8230
2020-03-27 1:05:09 - Array
(
    [globalpay_order_id] => 10
    [order_id] => 8230
    [order_ref] => 
    [order_ref_previous] => 
    [pasref] => 
    [pasref_previous] => 
    [date_added] => 2020-03-26 22:34:57
    [date_modified] => 2020-03-26 22:34:57
    [capture_status] => 1
    [void_status] => 
    [settle_type] => 1
    [rebate_status] => 
    [currency_code] => USD
    [authcode] => 
    [account] => 
    [total] => 13.00
    [transactions] => Array
        (
            [0] => Array
                (
                    [globalpay_order_transaction_id] => 10
                    [globalpay_order_id] => 10
                    [date_added] => 2020-03-26 22:34:57
                    [type] => payment
                    [amount] => 13.00
                )

        )

)

2020-03-27 1:10:19 - getOrder - 8230
2020-03-27 1:10:19 - Array
(
    [globalpay_order_id] => 10
    [order_id] => 8230
    [order_ref] => 
    [order_ref_previous] => 
    [pasref] => 
    [pasref_previous] => 
    [date_added] => 2020-03-26 22:34:57
    [date_modified] => 2020-03-26 22:34:57
    [capture_status] => 1
    [void_status] => 
    [settle_type] => 1
    [rebate_status] => 
    [currency_code] => USD
    [authcode] => 
    [account] => 
    [total] => 13.00
    [transactions] => Array
        (
            [0] => Array
                (
                    [globalpay_order_transaction_id] => 10
                    [globalpay_order_id] => 10
                    [date_added] => 2020-03-26 22:34:57
                    [type] => payment
                    [amount] => 13.00
                )

        )

)

2020-03-27 1:11:52 - getOrder - 8230
2020-03-27 1:11:52 - Array
(
    [globalpay_order_id] => 10
    [order_id] => 8230
    [order_ref] => 
    [order_ref_previous] => 
    [pasref] => 
    [pasref_previous] => 
    [date_added] => 2020-03-26 22:34:57
    [date_modified] => 2020-03-26 22:34:57
    [capture_status] => 1
    [void_status] => 
    [settle_type] => 1
    [rebate_status] => 
    [currency_code] => USD
    [authcode] => 
    [account] => 
    [total] => 13.00
    [transactions] => Array
        (
            [0] => Array
                (
                    [globalpay_order_transaction_id] => 10
                    [globalpay_order_id] => 10
                    [date_added] => 2020-03-26 22:34:57
                    [type] => payment
                    [amount] => 13.00
                )

        )

)

2020-03-27 3:02:54 - getOrder - 8230
2020-03-27 3:02:54 - Array
(
    [globalpay_order_id] => 10
    [order_id] => 8230
    [order_ref] => 
    [order_ref_previous] => 
    [pasref] => 
    [pasref_previous] => 
    [date_added] => 2020-03-26 22:34:57
    [date_modified] => 2020-03-26 22:34:57
    [capture_status] => 1
    [void_status] => 
    [settle_type] => 1
    [rebate_status] => 
    [currency_code] => USD
    [authcode] => 
    [account] => 
    [total] => 13.00
    [transactions] => Array
        (
            [0] => Array
                (
                    [globalpay_order_transaction_id] => 10
                    [globalpay_order_id] => 10
                    [date_added] => 2020-03-26 22:34:57
                    [type] => payment
                    [amount] => 13.00
                )

        )

)

2020-03-27 4:18:18 - getOrder - 8230
2020-03-27 4:18:18 - Array
(
    [globalpay_order_id] => 10
    [order_id] => 8230
    [order_ref] => 
    [order_ref_previous] => 
    [pasref] => 
    [pasref_previous] => 
    [date_added] => 2020-03-26 22:34:57
    [date_modified] => 2020-03-26 22:34:57
    [capture_status] => 1
    [void_status] => 
    [settle_type] => 1
    [rebate_status] => 
    [currency_code] => USD
    [authcode] => 
    [account] => 
    [total] => 13.00
    [transactions] => Array
        (
            [0] => Array
                (
                    [globalpay_order_transaction_id] => 10
                    [globalpay_order_id] => 10
                    [date_added] => 2020-03-26 22:34:57
                    [type] => payment
                    [amount] => 13.00
                )

        )

)

2020-03-27 9:24:18 - 8262
2020-03-27 15:01:35 - 8279
2020-03-28 1:19:36 - 8285
2020-03-30 6:15:06 - Array
(
)

2020-03-30 6:15:10 - 1
2020-03-30 6:16:03 - getOrder - 8368
2020-03-30 6:16:03 - Array
(
    [globalpay_order_id] => 11
    [order_id] => 8368
    [order_ref] => 
    [order_ref_previous] => 
    [pasref] => 
    [pasref_previous] => 
    [date_added] => 2020-03-30 14:15:10
    [date_modified] => 2020-03-30 14:15:10
    [capture_status] => 1
    [void_status] => 
    [settle_type] => 1
    [rebate_status] => 
    [currency_code] => USD
    [authcode] => 
    [account] => 
    [total] => 29.50
    [transactions] => Array
        (
            [0] => Array
                (
                    [globalpay_order_transaction_id] => 11
                    [globalpay_order_id] => 11
                    [date_added] => 2020-03-30 14:15:10
                    [type] => payment
                    [amount] => 29.50
                )

        )

)

2020-03-30 10:27:44 - getOrder - 8368
2020-03-30 10:27:44 - Array
(
    [globalpay_order_id] => 11
    [order_id] => 8368
    [order_ref] => 
    [order_ref_previous] => 
    [pasref] => 
    [pasref_previous] => 
    [date_added] => 2020-03-30 14:15:10
    [date_modified] => 2020-03-30 14:15:10
    [capture_status] => 1
    [void_status] => 
    [settle_type] => 1
    [rebate_status] => 
    [currency_code] => USD
    [authcode] => 
    [account] => 
    [total] => 29.50
    [transactions] => Array
        (
            [0] => Array
                (
                    [globalpay_order_transaction_id] => 11
                    [globalpay_order_id] => 11
                    [date_added] => 2020-03-30 14:15:10
                    [type] => payment
                    [amount] => 29.50
                )

        )

)

2020-03-30 10:28:11 - getOrder - 8368
2020-03-30 10:28:11 - Array
(
    [globalpay_order_id] => 11
    [order_id] => 8368
    [order_ref] => 
    [order_ref_previous] => 
    [pasref] => 
    [pasref_previous] => 
    [date_added] => 2020-03-30 14:15:10
    [date_modified] => 2020-03-30 14:15:10
    [capture_status] => 1
    [void_status] => 
    [settle_type] => 1
    [rebate_status] => 
    [currency_code] => USD
    [authcode] => 
    [account] => 
    [total] => 29.50
    [transactions] => Array
        (
            [0] => Array
                (
                    [globalpay_order_transaction_id] => 11
                    [globalpay_order_id] => 11
                    [date_added] => 2020-03-30 14:15:10
                    [type] => payment
                    [amount] => 29.50
                )

        )

)

2020-04-01 7:15:01 - 8459
2020-04-02 6:27:14 - 8493
2020-04-02 8:35:03 - 8494
2020-04-02 12:30:31 - 
2020-04-02 12:30:32 - 
2020-04-02 12:30:33 - assert
2020-04-06 4:13:14 - 8627
2020-04-06 9:14:12 - 8642
2020-04-06 10:54:39 - Array
(
)

2020-04-06 10:54:42 - 1
2020-04-07 1:50:32 - getOrder - 8648
2020-04-07 1:50:32 - Array
(
    [globalpay_order_id] => 12
    [order_id] => 8648
    [order_ref] => 
    [order_ref_previous] => 
    [pasref] => 
    [pasref_previous] => 
    [date_added] => 2020-04-06 18:54:42
    [date_modified] => 2020-04-06 18:54:42
    [capture_status] => 1
    [void_status] => 
    [settle_type] => 1
    [rebate_status] => 
    [currency_code] => USD
    [authcode] => 
    [account] => 
    [total] => 23.40
    [transactions] => Array
        (
            [0] => Array
                (
                    [globalpay_order_transaction_id] => 12
                    [globalpay_order_id] => 12
                    [date_added] => 2020-04-06 18:54:42
                    [type] => payment
                    [amount] => 23.40
                )

        )

)

2020-04-07 1:51:31 - getOrder - 8648
2020-04-07 1:51:31 - Array
(
    [globalpay_order_id] => 12
    [order_id] => 8648
    [order_ref] => 
    [order_ref_previous] => 
    [pasref] => 
    [pasref_previous] => 
    [date_added] => 2020-04-06 18:54:42
    [date_modified] => 2020-04-06 18:54:42
    [capture_status] => 1
    [void_status] => 
    [settle_type] => 1
    [rebate_status] => 
    [currency_code] => USD
    [authcode] => 
    [account] => 
    [total] => 23.40
    [transactions] => Array
        (
            [0] => Array
                (
                    [globalpay_order_transaction_id] => 12
                    [globalpay_order_id] => 12
                    [date_added] => 2020-04-06 18:54:42
                    [type] => payment
                    [amount] => 23.40
                )

        )

)

2020-04-07 1:52:16 - getOrder - 8648
2020-04-07 1:52:16 - Array
(
    [globalpay_order_id] => 12
    [order_id] => 8648
    [order_ref] => 
    [order_ref_previous] => 
    [pasref] => 
    [pasref_previous] => 
    [date_added] => 2020-04-06 18:54:42
    [date_modified] => 2020-04-06 18:54:42
    [capture_status] => 1
    [void_status] => 
    [settle_type] => 1
    [rebate_status] => 
    [currency_code] => USD
    [authcode] => 
    [account] => 
    [total] => 23.40
    [transactions] => Array
        (
            [0] => Array
                (
                    [globalpay_order_transaction_id] => 12
                    [globalpay_order_id] => 12
                    [date_added] => 2020-04-06 18:54:42
                    [type] => payment
                    [amount] => 23.40
                )

        )

)

2020-04-07 1:57:25 - getOrder - 8648
2020-04-07 1:57:25 - Array
(
    [globalpay_order_id] => 12
    [order_id] => 8648
    [order_ref] => 
    [order_ref_previous] => 
    [pasref] => 
    [pasref_previous] => 
    [date_added] => 2020-04-06 18:54:42
    [date_modified] => 2020-04-06 18:54:42
    [capture_status] => 1
    [void_status] => 
    [settle_type] => 1
    [rebate_status] => 
    [currency_code] => USD
    [authcode] => 
    [account] => 
    [total] => 23.40
    [transactions] => Array
        (
            [0] => Array
                (
                    [globalpay_order_transaction_id] => 12
                    [globalpay_order_id] => 12
                    [date_added] => 2020-04-06 18:54:42
                    [type] => payment
                    [amount] => 23.40
                )

        )

)

2020-04-07 2:21:09 - getOrder - 8648
2020-04-07 2:21:09 - Array
(
    [globalpay_order_id] => 12
    [order_id] => 8648
    [order_ref] => 
    [order_ref_previous] => 
    [pasref] => 
    [pasref_previous] => 
    [date_added] => 2020-04-06 18:54:42
    [date_modified] => 2020-04-06 18:54:42
    [capture_status] => 1
    [void_status] => 
    [settle_type] => 1
    [rebate_status] => 
    [currency_code] => USD
    [authcode] => 
    [account] => 
    [total] => 23.40
    [transactions] => Array
        (
            [0] => Array
                (
                    [globalpay_order_transaction_id] => 12
                    [globalpay_order_id] => 12
                    [date_added] => 2020-04-06 18:54:42
                    [type] => payment
                    [amount] => 23.40
                )

        )

)

2020-04-07 6:13:08 - 8676
2020-04-07 6:29:52 - getOrder - 8648
2020-04-07 6:29:52 - Array
(
    [globalpay_order_id] => 12
    [order_id] => 8648
    [order_ref] => 
    [order_ref_previous] => 
    [pasref] => 
    [pasref_previous] => 
    [date_added] => 2020-04-06 18:54:42
    [date_modified] => 2020-04-06 18:54:42
    [capture_status] => 1
    [void_status] => 
    [settle_type] => 1
    [rebate_status] => 
    [currency_code] => USD
    [authcode] => 
    [account] => 
    [total] => 23.40
    [transactions] => Array
        (
            [0] => Array
                (
                    [globalpay_order_transaction_id] => 12
                    [globalpay_order_id] => 12
                    [date_added] => 2020-04-06 18:54:42
                    [type] => payment
                    [amount] => 23.40
                )

        )

)

2020-04-07 8:07:55 - getOrder - 8648
2020-04-07 8:07:55 - Array
(
    [globalpay_order_id] => 12
    [order_id] => 8648
    [order_ref] => 
    [order_ref_previous] => 
    [pasref] => 
    [pasref_previous] => 
    [date_added] => 2020-04-06 18:54:42
    [date_modified] => 2020-04-06 18:54:42
    [capture_status] => 1
    [void_status] => 
    [settle_type] => 1
    [rebate_status] => 
    [currency_code] => USD
    [authcode] => 
    [account] => 
    [total] => 23.40
    [transactions] => Array
        (
            [0] => Array
                (
                    [globalpay_order_transaction_id] => 12
                    [globalpay_order_id] => 12
                    [date_added] => 2020-04-06 18:54:42
                    [type] => payment
                    [amount] => 23.40
                )

        )

)

2020-04-11 8:37:08 - 8801
2020-04-11 10:09:17 - 8810
2020-04-12 5:38:04 - Array
(
)

2020-04-12 5:38:08 - 1
2020-04-12 5:41:49 - getOrder - 8852
2020-04-12 5:41:49 - Array
(
    [globalpay_order_id] => 13
    [order_id] => 8852
    [order_ref] => 
    [order_ref_previous] => 
    [pasref] => 
    [pasref_previous] => 
    [date_added] => 2020-04-12 13:38:08
    [date_modified] => 2020-04-12 13:38:08
    [capture_status] => 1
    [void_status] => 
    [settle_type] => 1
    [rebate_status] => 
    [currency_code] => USD
    [authcode] => 
    [account] => 
    [total] => 7.25
    [transactions] => Array
        (
            [0] => Array
                (
                    [globalpay_order_transaction_id] => 13
                    [globalpay_order_id] => 13
                    [date_added] => 2020-04-12 13:38:08
                    [type] => payment
                    [amount] => 7.25
                )

        )

)

2020-04-12 5:49:42 - getOrder - 8852
2020-04-12 5:49:42 - Array
(
    [globalpay_order_id] => 13
    [order_id] => 8852
    [order_ref] => 
    [order_ref_previous] => 
    [pasref] => 
    [pasref_previous] => 
    [date_added] => 2020-04-12 13:38:08
    [date_modified] => 2020-04-12 13:38:08
    [capture_status] => 1
    [void_status] => 
    [settle_type] => 1
    [rebate_status] => 
    [currency_code] => USD
    [authcode] => 
    [account] => 
    [total] => 7.25
    [transactions] => Array
        (
            [0] => Array
                (
                    [globalpay_order_transaction_id] => 13
                    [globalpay_order_id] => 13
                    [date_added] => 2020-04-12 13:38:08
                    [type] => payment
                    [amount] => 7.25
                )

        )

)

2020-04-12 8:19:59 - getOrder - 8852
2020-04-12 8:19:59 - Array
(
    [globalpay_order_id] => 13
    [order_id] => 8852
    [order_ref] => 
    [order_ref_previous] => 
    [pasref] => 
    [pasref_previous] => 
    [date_added] => 2020-04-12 13:38:08
    [date_modified] => 2020-04-12 13:38:08
    [capture_status] => 1
    [void_status] => 
    [settle_type] => 1
    [rebate_status] => 
    [currency_code] => USD
    [authcode] => 
    [account] => 
    [total] => 7.25
    [transactions] => Array
        (
            [0] => Array
                (
                    [globalpay_order_transaction_id] => 13
                    [globalpay_order_id] => 13
                    [date_added] => 2020-04-12 13:38:08
                    [type] => payment
                    [amount] => 7.25
                )

        )

)

2020-05-08 4:19:21 - Array
(
)

2020-05-08 4:19:25 - 1
2020-05-08 4:20:22 - getOrder - 9769
2020-05-08 4:20:22 - Array
(
    [globalpay_order_id] => 14
    [order_id] => 9769
    [order_ref] => 
    [order_ref_previous] => 
    [pasref] => 
    [pasref_previous] => 
    [date_added] => 2020-05-08 12:19:25
    [date_modified] => 2020-05-08 12:19:25
    [capture_status] => 1
    [void_status] => 
    [settle_type] => 1
    [rebate_status] => 
    [currency_code] => USD
    [authcode] => 
    [account] => 
    [total] => 5.00
    [transactions] => Array
        (
            [0] => Array
                (
                    [globalpay_order_transaction_id] => 14
                    [globalpay_order_id] => 14
                    [date_added] => 2020-05-08 12:19:25
                    [type] => payment
                    [amount] => 5.00
                )

        )

)

2020-05-08 7:04:50 - getOrder - 9769
2020-05-08 7:04:50 - Array
(
    [globalpay_order_id] => 14
    [order_id] => 9769
    [order_ref] => 
    [order_ref_previous] => 
    [pasref] => 
    [pasref_previous] => 
    [date_added] => 2020-05-08 12:19:25
    [date_modified] => 2020-05-08 12:19:25
    [capture_status] => 1
    [void_status] => 
    [settle_type] => 1
    [rebate_status] => 
    [currency_code] => USD
    [authcode] => 
    [account] => 
    [total] => 5.00
    [transactions] => Array
        (
            [0] => Array
                (
                    [globalpay_order_transaction_id] => 14
                    [globalpay_order_id] => 14
                    [date_added] => 2020-05-08 12:19:25
                    [type] => payment
                    [amount] => 5.00
                )

        )

)

2020-05-08 10:16:14 - getOrder - 9769
2020-05-08 10:16:14 - Array
(
    [globalpay_order_id] => 14
    [order_id] => 9769
    [order_ref] => 
    [order_ref_previous] => 
    [pasref] => 
    [pasref_previous] => 
    [date_added] => 2020-05-08 12:19:25
    [date_modified] => 2020-05-08 12:19:25
    [capture_status] => 1
    [void_status] => 
    [settle_type] => 1
    [rebate_status] => 
    [currency_code] => USD
    [authcode] => 
    [account] => 
    [total] => 5.00
    [transactions] => Array
        (
            [0] => Array
                (
                    [globalpay_order_transaction_id] => 14
                    [globalpay_order_id] => 14
                    [date_added] => 2020-05-08 12:19:25
                    [type] => payment
                    [amount] => 5.00
                )

        )

)

2020-05-12 1:57:10 - Array
(
)

2020-05-12 1:57:15 - 1
2020-05-12 1:58:05 - getOrder - 9872
2020-05-12 1:58:05 - Array
(
    [globalpay_order_id] => 15
    [order_id] => 9872
    [order_ref] => 
    [order_ref_previous] => 
    [pasref] => 
    [pasref_previous] => 
    [date_added] => 2020-05-12 09:57:15
    [date_modified] => 2020-05-12 09:57:15
    [capture_status] => 1
    [void_status] => 
    [settle_type] => 1
    [rebate_status] => 
    [currency_code] => USD
    [authcode] => 
    [account] => 
    [total] => 8.50
    [transactions] => Array
        (
            [0] => Array
                (
                    [globalpay_order_transaction_id] => 15
                    [globalpay_order_id] => 15
                    [date_added] => 2020-05-12 09:57:15
                    [type] => payment
                    [amount] => 8.50
                )

        )

)

2020-05-12 2:02:22 - getOrder - 9872
2020-05-12 2:02:22 - Array
(
    [globalpay_order_id] => 15
    [order_id] => 9872
    [order_ref] => 
    [order_ref_previous] => 
    [pasref] => 
    [pasref_previous] => 
    [date_added] => 2020-05-12 09:57:15
    [date_modified] => 2020-05-12 09:57:15
    [capture_status] => 1
    [void_status] => 
    [settle_type] => 1
    [rebate_status] => 
    [currency_code] => USD
    [authcode] => 
    [account] => 
    [total] => 8.50
    [transactions] => Array
        (
            [0] => Array
                (
                    [globalpay_order_transaction_id] => 15
                    [globalpay_order_id] => 15
                    [date_added] => 2020-05-12 09:57:15
                    [type] => payment
                    [amount] => 8.50
                )

        )

)

2020-05-12 5:56:44 - getOrder - 9872
2020-05-12 5:56:44 - Array
(
    [globalpay_order_id] => 15
    [order_id] => 9872
    [order_ref] => 
    [order_ref_previous] => 
    [pasref] => 
    [pasref_previous] => 
    [date_added] => 2020-05-12 09:57:15
    [date_modified] => 2020-05-12 09:57:15
    [capture_status] => 1
    [void_status] => 
    [settle_type] => 1
    [rebate_status] => 
    [currency_code] => USD
    [authcode] => 
    [account] => 
    [total] => 8.50
    [transactions] => Array
        (
            [0] => Array
                (
                    [globalpay_order_transaction_id] => 15
                    [globalpay_order_id] => 15
                    [date_added] => 2020-05-12 09:57:15
                    [type] => payment
                    [amount] => 8.50
                )

        )

)

2020-05-13 6:19:47 - Array
(
)

2020-05-13 6:19:51 - 1
2020-05-13 6:20:39 - getOrder - 9912
2020-05-13 6:20:39 - Array
(
    [globalpay_order_id] => 16
    [order_id] => 9912
    [order_ref] => 
    [order_ref_previous] => 
    [pasref] => 
    [pasref_previous] => 
    [date_added] => 2020-05-13 14:19:51
    [date_modified] => 2020-05-13 14:19:51
    [capture_status] => 1
    [void_status] => 
    [settle_type] => 1
    [rebate_status] => 
    [currency_code] => USD
    [authcode] => 
    [account] => 
    [total] => 10.50
    [transactions] => Array
        (
            [0] => Array
                (
                    [globalpay_order_transaction_id] => 16
                    [globalpay_order_id] => 16
                    [date_added] => 2020-05-13 14:19:51
                    [type] => payment
                    [amount] => 10.50
                )

        )

)

2020-05-13 6:48:35 - getOrder - 9912
2020-05-13 6:48:35 - Array
(
    [globalpay_order_id] => 16
    [order_id] => 9912
    [order_ref] => 
    [order_ref_previous] => 
    [pasref] => 
    [pasref_previous] => 
    [date_added] => 2020-05-13 14:19:51
    [date_modified] => 2020-05-13 14:19:51
    [capture_status] => 1
    [void_status] => 
    [settle_type] => 1
    [rebate_status] => 
    [currency_code] => USD
    [authcode] => 
    [account] => 
    [total] => 10.50
    [transactions] => Array
        (
            [0] => Array
                (
                    [globalpay_order_transaction_id] => 16
                    [globalpay_order_id] => 16
                    [date_added] => 2020-05-13 14:19:51
                    [type] => payment
                    [amount] => 10.50
                )

        )

)

2020-05-13 7:30:48 - getOrder - 9912
2020-05-13 7:30:48 - Array
(
    [globalpay_order_id] => 16
    [order_id] => 9912
    [order_ref] => 
    [order_ref_previous] => 
    [pasref] => 
    [pasref_previous] => 
    [date_added] => 2020-05-13 14:19:51
    [date_modified] => 2020-05-13 14:19:51
    [capture_status] => 1
    [void_status] => 
    [settle_type] => 1
    [rebate_status] => 
    [currency_code] => USD
    [authcode] => 
    [account] => 
    [total] => 10.50
    [transactions] => Array
        (
            [0] => Array
                (
                    [globalpay_order_transaction_id] => 16
                    [globalpay_order_id] => 16
                    [date_added] => 2020-05-13 14:19:51
                    [type] => payment
                    [amount] => 10.50
                )

        )

)

2020-05-13 11:47:20 - 9923
2020-05-21 3:28:57 - 10092
2020-05-22 5:30:58 - Array
(
)

2020-05-22 5:31:02 - 1
2020-05-22 7:54:03 - getOrder - 10086
2020-05-22 7:54:03 - Array
(
    [globalpay_order_id] => 17
    [order_id] => 10086
    [order_ref] => 
    [order_ref_previous] => 
    [pasref] => 
    [pasref_previous] => 
    [date_added] => 2020-05-22 13:31:02
    [date_modified] => 2020-05-22 13:31:02
    [capture_status] => 1
    [void_status] => 
    [settle_type] => 1
    [rebate_status] => 
    [currency_code] => USD
    [authcode] => 
    [account] => 
    [total] => 46.00
    [transactions] => Array
        (
            [0] => Array
                (
                    [globalpay_order_transaction_id] => 17
                    [globalpay_order_id] => 17
                    [date_added] => 2020-05-22 13:31:02
                    [type] => payment
                    [amount] => 46.00
                )

        )

)

2020-05-22 7:54:30 - getOrder - 10086
2020-05-22 7:54:30 - Array
(
    [globalpay_order_id] => 17
    [order_id] => 10086
    [order_ref] => 
    [order_ref_previous] => 
    [pasref] => 
    [pasref_previous] => 
    [date_added] => 2020-05-22 13:31:02
    [date_modified] => 2020-05-22 13:31:02
    [capture_status] => 1
    [void_status] => 
    [settle_type] => 1
    [rebate_status] => 
    [currency_code] => USD
    [authcode] => 
    [account] => 
    [total] => 46.00
    [transactions] => Array
        (
            [0] => Array
                (
                    [globalpay_order_transaction_id] => 17
                    [globalpay_order_id] => 17
                    [date_added] => 2020-05-22 13:31:02
                    [type] => payment
                    [amount] => 46.00
                )

        )

)

2020-05-22 8:04:37 - getOrder - 10086
2020-05-22 8:04:37 - Array
(
    [globalpay_order_id] => 17
    [order_id] => 10086
    [order_ref] => 
    [order_ref_previous] => 
    [pasref] => 
    [pasref_previous] => 
    [date_added] => 2020-05-22 13:31:02
    [date_modified] => 2020-05-22 13:31:02
    [capture_status] => 1
    [void_status] => 
    [settle_type] => 1
    [rebate_status] => 
    [currency_code] => USD
    [authcode] => 
    [account] => 
    [total] => 46.00
    [transactions] => Array
        (
            [0] => Array
                (
                    [globalpay_order_transaction_id] => 17
                    [globalpay_order_id] => 17
                    [date_added] => 2020-05-22 13:31:02
                    [type] => payment
                    [amount] => 46.00
                )

        )

)

2020-05-22 8:06:51 - getOrder - 10086
2020-05-22 8:06:51 - Array
(
    [globalpay_order_id] => 17
    [order_id] => 10086
    [order_ref] => 
    [order_ref_previous] => 
    [pasref] => 
    [pasref_previous] => 
    [date_added] => 2020-05-22 13:31:02
    [date_modified] => 2020-05-22 13:31:02
    [capture_status] => 1
    [void_status] => 
    [settle_type] => 1
    [rebate_status] => 
    [currency_code] => USD
    [authcode] => 
    [account] => 
    [total] => 46.00
    [transactions] => Array
        (
            [0] => Array
                (
                    [globalpay_order_transaction_id] => 17
                    [globalpay_order_id] => 17
                    [date_added] => 2020-05-22 13:31:02
                    [type] => payment
                    [amount] => 46.00
                )

        )

)

2020-05-22 9:08:33 - getOrder - 10086
2020-05-22 9:08:33 - Array
(
    [globalpay_order_id] => 17
    [order_id] => 10086
    [order_ref] => 
    [order_ref_previous] => 
    [pasref] => 
    [pasref_previous] => 
    [date_added] => 2020-05-22 13:31:02
    [date_modified] => 2020-05-22 13:31:02
    [capture_status] => 1
    [void_status] => 
    [settle_type] => 1
    [rebate_status] => 
    [currency_code] => USD
    [authcode] => 
    [account] => 
    [total] => 46.00
    [transactions] => Array
        (
            [0] => Array
                (
                    [globalpay_order_transaction_id] => 17
                    [globalpay_order_id] => 17
                    [date_added] => 2020-05-22 13:31:02
                    [type] => payment
                    [amount] => 46.00
                )

        )

)

2020-05-24 8:25:55 - 10172
2020-05-29 15:04:41 - 10373
2020-05-30 4:31:30 - 10399
2020-06-01 10:35:14 - 10478
2020-06-02 2:50:06 - 10513
2020-06-02 3:15:39 - 10522
2020-06-10 8:11:26 - Array
(
)

2020-06-10 8:11:31 - 1
2020-06-11 4:57:01 - 11127
2020-06-11 4:57:14 - 
2020-06-11 8:32:52 - 11127
2020-06-12 5:31:50 - Array
(
)

2020-06-12 5:31:57 - 1
2020-06-13 11:58:13 - 
2020-06-15 11:44:33 - Array
(
)

2020-06-15 11:44:37 - 1
2020-06-15 18:31:43 - 
2020-06-16 3:49:04 - 11328
2020-06-16 5:00:30 - 11337
2020-06-16 6:15:43 - 11341
2020-06-16 10:21:38 - 11355
2020-06-18 3:07:40 - 11452
2020-06-18 10:10:02 - 11496
2020-06-18 10:10:13 - 11496
2020-06-18 10:10:26 - 11496
2020-06-19 6:37:45 - 11549
2020-06-19 14:29:57 - 11604
2020-06-20 8:19:03 - 11699
2020-06-20 9:46:52 - 11706
2020-06-21 1:07:42 - 11732
2020-06-21 5:36:59 - 11752
2020-06-21 8:50:35 - 11763
2020-06-21 12:25:20 - 11783
2020-06-22 2:52:09 - 11795
2020-06-22 7:58:19 - 11819
2020-06-27 2:45:49 - 12084
2020-06-27 7:07:37 - 12093
2020-06-27 7:21:26 - 12095
2020-06-28 5:33:28 - 12128
2020-06-28 17:57:40 - 12158
2020-06-28 17:58:08 - 12158
2020-06-29 2:43:56 - 12180
2020-06-29 9:41:09 - 12225
2020-07-01 3:11:30 - Array
(
)

2020-07-01 3:11:35 - 1
2020-07-01 3:28:15 - getOrder - 12302
2020-07-01 3:28:15 - Array
(
    [globalpay_order_id] => 21
    [order_id] => 12302
    [order_ref] => 
    [order_ref_previous] => 
    [pasref] => 
    [pasref_previous] => 
    [date_added] => 2020-07-01 11:11:35
    [date_modified] => 2020-07-01 11:11:35
    [capture_status] => 1
    [void_status] => 
    [settle_type] => 1
    [rebate_status] => 
    [currency_code] => USD
    [authcode] => 
    [account] => 
    [total] => 10.00
    [transactions] => Array
        (
            [0] => Array
                (
                    [globalpay_order_transaction_id] => 21
                    [globalpay_order_id] => 21
                    [date_added] => 2020-07-01 11:11:35
                    [type] => payment
                    [amount] => 10.00
                )

        )

)

2020-07-01 3:34:54 - 12306
2020-07-01 4:26:55 - getOrder - 12302
2020-07-01 4:26:55 - Array
(
    [globalpay_order_id] => 21
    [order_id] => 12302
    [order_ref] => 
    [order_ref_previous] => 
    [pasref] => 
    [pasref_previous] => 
    [date_added] => 2020-07-01 11:11:35
    [date_modified] => 2020-07-01 11:11:35
    [capture_status] => 1
    [void_status] => 
    [settle_type] => 1
    [rebate_status] => 
    [currency_code] => USD
    [authcode] => 
    [account] => 
    [total] => 10.00
    [transactions] => Array
        (
            [0] => Array
                (
                    [globalpay_order_transaction_id] => 21
                    [globalpay_order_id] => 21
                    [date_added] => 2020-07-01 11:11:35
                    [type] => payment
                    [amount] => 10.00
                )

        )

)

2020-07-01 7:11:37 - 12347
2020-07-01 9:02:15 - 12381
2020-07-01 9:02:28 - 12381
2020-07-01 10:20:51 - 12405
2020-07-01 14:38:44 - getOrder - 12302
2020-07-01 14:38:44 - Array
(
    [globalpay_order_id] => 21
    [order_id] => 12302
    [order_ref] => 
    [order_ref_previous] => 
    [pasref] => 
    [pasref_previous] => 
    [date_added] => 2020-07-01 11:11:35
    [date_modified] => 2020-07-01 11:11:35
    [capture_status] => 1
    [void_status] => 
    [settle_type] => 1
    [rebate_status] => 
    [currency_code] => USD
    [authcode] => 
    [account] => 
    [total] => 10.00
    [transactions] => Array
        (
            [0] => Array
                (
                    [globalpay_order_transaction_id] => 21
                    [globalpay_order_id] => 21
                    [date_added] => 2020-07-01 11:11:35
                    [type] => payment
                    [amount] => 10.00
                )

        )

)

2020-07-02 3:24:08 - 12472
2020-07-08 15:49:52 - 12921
2020-07-10 2:45:33 - 13017
2020-07-10 13:47:39 - 13082
2020-07-11 2:39:24 - 13105
2020-07-11 7:18:13 - 13149
2020-07-11 7:23:27 - 13152
2020-07-11 9:20:56 - 13168
2020-07-13 3:01:27 - Array
(
)

2020-07-13 3:01:29 - 1
2020-07-13 7:21:31 - 13348
2020-07-13 9:09:45 - 13391
2020-07-14 5:56:07 - 13443
2020-07-14 7:33:30 - getOrder - 13464
2020-07-14 7:40:59 - getOrder - 13464
2020-07-14 14:10:09 - 13547
2020-07-14 15:56:43 - 13551
2020-07-14 23:23:32 - getOrder - 13464
2020-07-15 5:09:49 - 13609
2020-07-15 7:46:15 - 13646
2020-07-15 8:46:41 - 13655
2020-07-15 9:33:02 - 13667
2020-07-15 9:44:51 - 13672
2020-07-15 9:53:18 - 13675
2020-07-15 10:06:23 - 13677
2020-07-15 12:49:08 - 13685
2020-07-15 14:30:09 - 13695
2020-07-15 14:35:03 - 13696
2020-07-16 1:52:29 - 13720
2020-07-16 6:49:29 - 13752
2020-07-16 6:51:41 - 13753
2020-07-16 7:36:04 - 13766
2020-07-16 11:22:48 - 13780
2020-07-17 2:07:35 - 13802
2020-07-17 4:27:54 - 13813
2020-07-17 5:05:45 - 13826
2020-07-17 5:55:46 - 13836
2020-07-17 6:09:01 - 13841
