2020-01-16 2:25:49 - 
2020-01-16 2:25:49 - test
2020-01-16 2:25:51 - {"message_id":6975709525184533085}
2020-01-16 2:27:22 - 
2020-01-16 2:27:22 - test
2020-01-16 2:27:23 - {"message_id":5157301932517676881}
2020-01-16 2:38:22 - 
2020-01-16 2:38:22 - test
2020-01-16 2:38:24 - {"message_id":552511674807533516}
2020-01-16 2:42:20 - 
2020-01-16 2:42:20 - test
2020-01-16 2:42:21 - {"message_id":8022354388504461311}
2020-01-16 2:47:33 - 
2020-01-16 2:47:33 - test
2020-01-16 2:47:34 - {"message_id":2884817762674637842}
2020-01-16 2:51:30 - 
2020-01-16 2:51:30 - test
2020-01-16 2:51:31 - {"message_id":45343539268210905}
2020-01-16 3:55:07 - 
2020-01-16 3:55:07 - test
2020-01-16 3:55:08 - {"message_id":605157944093874875}
2020-01-16 3:58:17 - 
2020-01-16 3:58:17 - test
2020-01-16 3:58:18 - {"message_id":190348087620789903}
2020-01-16 4:23:08 - 
2020-01-16 4:23:08 - test
2020-01-16 4:23:09 - {"message_id":5881954890868539403}
2020-01-17 2:52:01 - 
2020-01-17 2:52:01 - test
2020-01-17 2:52:02 - {"message_id":1314487578962408757}
2020-01-17 5:09:48 - 
2020-01-17 5:09:48 - test
2020-01-17 5:09:50 - {"message_id":7005105639455899949}
2020-01-17 14:55:10 - 
2020-01-17 14:55:10 - test
2020-01-17 14:55:12 - {"message_id":8064153686993617888}
2020-01-18 2:50:56 - 
2020-01-18 2:50:56 - test
2020-01-18 2:50:59 - {"message_id":2357748379813038162}
2020-01-18 2:54:32 - 
2020-01-18 2:54:32 - test
2020-01-18 2:54:34 - {"message_id":8583824697292451941}
2020-01-18 3:43:34 - 
2020-01-18 3:43:34 - test
2020-01-18 3:43:35 - {"message_id":743936898374864719}
2020-01-18 4:45:53 - 
2020-01-18 4:45:53 - test
2020-01-18 4:45:55 - {"message_id":1952246403001802654}
2020-01-19 2:35:45 - 
2020-01-19 2:35:45 - test
2020-01-19 2:35:47 - {"message_id":2590847644222618257}
2020-01-22 2:56:48 - 
2020-01-22 2:56:48 - test
2020-01-22 2:56:50 - {"message_id":7956717801703637900}
2020-01-22 13:52:48 - 
2020-01-22 13:52:48 - test
2020-01-22 13:52:49 - {"message_id":706431199067098014}
2020-01-24 2:47:24 - 
2020-01-24 2:47:24 - test
2020-01-24 2:47:26 - {"message_id":2172708791186638509}
2020-01-25 2:35:58 - 
2020-01-25 2:35:58 - test
2020-01-25 2:35:59 - {"message_id":3903287157729552589}
2020-01-25 2:51:34 - 
2020-01-25 2:51:34 - test
2020-01-25 2:51:35 - {"message_id":7475152028838951068}
2020-01-26 3:05:08 - 
2020-01-26 3:05:08 - test
2020-01-26 3:05:09 - {"message_id":7306052162899852359}
2020-01-27 1:57:11 - 
2020-01-27 1:57:11 - test
2020-01-27 1:57:12 - {"message_id":2345367398106802301}
2020-01-27 2:00:49 - 
2020-01-27 2:00:49 - test
2020-01-27 2:00:50 - {"message_id":5304189046238437691}
2020-01-27 2:05:46 - 
2020-01-27 2:05:46 - test
2020-01-27 2:05:47 - {"message_id":495764671275910958}
2020-01-28 3:08:33 - 
2020-01-28 3:08:33 - test
2020-01-28 3:08:34 - {"message_id":413904288599961200}
2020-01-29 13:02:27 - 
2020-01-29 13:02:27 - test
2020-01-29 13:02:28 - {"message_id":1971258454906801201}
2020-01-30 2:16:41 - 
2020-01-30 2:16:41 - test
2020-01-30 2:16:42 - {"message_id":1681679551699709185}
2020-02-02 2:27:33 - 
2020-02-02 2:27:33 - test
2020-02-02 2:27:35 - {"message_id":8203761249740551879}
2020-02-10 14:42:31 - 
2020-02-10 14:42:31 - test
2020-02-10 14:42:33 - {"message_id":7826289082883737920}
2020-02-14 1:39:12 - 
2020-02-14 1:39:12 - test
2020-02-14 1:39:14 - {"message_id":7280539576446935560}
2020-02-18 3:34:45 - 
2020-02-18 3:34:45 - test
2020-02-18 3:34:46 - {"message_id":6434840779311670077}
2020-02-19 2:37:20 - 
2020-02-19 2:37:20 - test
2020-02-19 2:37:21 - {"message_id":8864329943429824108}
2020-02-20 2:57:40 - 
2020-02-20 2:57:40 - test
2020-02-20 2:57:42 - {"message_id":8215706260973430946}
2020-02-23 4:28:21 - 
2020-02-23 4:28:21 - test
2020-02-23 4:28:23 - 
2020-02-23 4:28:23 - test
2020-02-23 4:28:23 - {"message_id":2503623428368021484}
2020-02-23 4:28:24 - {"message_id":7672839245045537538}
2020-02-26 7:15:47 - 
2020-02-26 7:15:47 - test
2020-02-26 7:15:49 - {"message_id":6296903843490784824}
2020-02-26 7:58:29 - 
2020-02-26 7:58:29 - test
2020-02-26 7:58:30 - {"message_id":3864363425462583647}
2020-02-27 8:51:41 - 
2020-02-27 8:51:41 - test
2020-02-27 8:51:42 - {"message_id":3282268818403025589}
2020-03-02 7:18:38 - 
2020-03-02 7:18:38 - test
2020-03-02 7:18:39 - {"message_id":7802216555640750465}
2020-03-03 10:33:48 - 
2020-03-03 10:33:48 - test
2020-03-03 10:33:50 - {"message_id":6689090358139224955}
2020-03-04 9:49:06 - 
2020-03-04 9:49:06 - test
2020-03-04 9:49:07 - {"message_id":5101435124799371150}
2020-03-06 13:48:24 - 
2020-03-06 13:48:24 - test
2020-03-06 13:48:25 - {"message_id":5568428618885211430}
2020-03-11 8:45:38 - 
2020-03-11 8:45:38 - test
2020-03-11 8:45:39 - {"message_id":2219751713797865643}
2020-03-12 7:15:08 - 
2020-03-12 7:15:08 - test
2020-03-12 7:15:10 - {"message_id":2806441965589422948}
2020-03-13 4:36:26 - 
2020-03-13 4:36:26 - test
2020-03-13 4:36:27 - {"message_id":3073265979665104037}
2020-03-16 8:50:39 - 
2020-03-16 8:50:39 - test
2020-03-16 8:50:41 - {"message_id":5894710347771114397}
2020-03-18 0:11:25 - 
2020-03-18 0:11:25 - test
2020-03-18 0:11:26 - 
2020-03-18 0:11:26 - test
2020-03-18 0:11:27 - {"message_id":274221817233542461}
2020-03-18 0:11:27 - {"message_id":33213980519754293}
2020-03-18 8:01:44 - 
2020-03-18 8:01:44 - test
2020-03-18 8:01:46 - {"message_id":4519549636656168486}
2020-03-19 2:38:11 - 
2020-03-19 2:38:11 - test
2020-03-19 2:38:12 - {"message_id":2109921586239709936}
2020-03-20 2:04:03 - 
2020-03-20 2:04:03 - test
2020-03-20 2:04:05 - {"message_id":7650773216187984472}
2020-03-21 3:33:56 - 
2020-03-21 3:33:56 - test
2020-03-21 3:33:57 - {"message_id":8985047249030521150}
2020-03-22 0:04:13 - 
2020-03-22 0:04:13 - test
2020-03-22 0:04:14 - {"message_id":69780663714256061}
2020-03-22 0:29:52 - 
2020-03-22 0:29:52 - test
2020-03-22 0:29:53 - {"message_id":2815144187576407695}
2020-03-23 8:51:53 - 
2020-03-23 8:51:53 - test
2020-03-23 8:51:54 - {"message_id":4994037471275118893}
2020-03-25 5:48:03 - 
2020-03-25 5:48:03 - test
2020-03-25 5:48:05 - {"message_id":8916688308444841920}
2020-03-25 7:04:50 - 
2020-03-25 7:04:50 - test
2020-03-25 7:04:51 - {"message_id":7180993937120947774}
2020-03-26 9:00:58 - 
2020-03-26 9:00:58 - test
2020-03-26 9:00:59 - {"message_id":687184675271733318}
2020-03-26 14:07:16 - 
2020-03-26 14:07:16 - test
2020-03-26 14:07:18 - {"message_id":5869788766730549838}
2020-03-27 5:01:31 - 
2020-03-27 5:01:31 - test
2020-03-27 5:01:32 - 
2020-03-27 5:01:32 - test
2020-03-27 5:01:32 - {"message_id":1486609415716183111}
2020-03-27 5:01:33 - {"message_id":8936852635396764899}
2020-03-28 2:29:25 - 
2020-03-28 2:29:25 - test
2020-03-28 2:29:26 - {"message_id":5323650944506581966}
2020-03-29 1:01:19 - 
2020-03-29 1:01:19 - test
2020-03-29 1:01:21 - {"message_id":4309929255834327584}
2020-03-29 2:18:54 - 
2020-03-29 2:18:54 - test
2020-03-29 2:18:56 - {"message_id":189144053174849953}
2020-03-29 2:20:03 - 
2020-03-29 2:20:03 - test
2020-03-29 2:20:04 - {"message_id":1954642307457986990}
2020-03-29 4:22:24 - 
2020-03-29 4:22:24 - test
2020-03-29 4:22:25 - {"message_id":5141983531431608379}
2020-03-30 5:16:23 - 
2020-03-30 5:16:23 - test
2020-03-30 5:16:24 - {"message_id":7852403238976464696}
2020-03-31 3:42:55 - 
2020-03-31 3:42:55 - test
2020-03-31 3:42:56 - {"message_id":5454164653613676058}
2020-04-01 1:33:39 - 
2020-04-01 1:33:39 - test
2020-04-01 1:33:41 - {"message_id":8993601137228367878}
2020-04-01 4:09:45 - 
2020-04-01 4:09:45 - test
2020-04-01 4:09:47 - {"message_id":8371558552657085021}
2020-04-02 0:52:22 - 
2020-04-02 0:52:22 - test
2020-04-02 0:52:24 - {"message_id":1893966116442400813}
2020-04-03 0:41:05 - 
2020-04-03 0:41:05 - test
2020-04-03 0:41:06 - {"message_id":14614810256783593}
2020-04-03 6:37:38 - 
2020-04-03 6:37:38 - test
2020-04-03 6:37:39 - {"message_id":7910857880315484302}
2020-04-05 3:08:11 - 
2020-04-05 3:08:11 - test
2020-04-05 3:08:12 - {"message_id":301365878518204268}
2020-04-06 2:02:52 - 
2020-04-06 2:02:52 - test
2020-04-06 2:02:53 - {"message_id":8186762557988250827}
2020-04-09 13:05:39 - 
2020-04-09 13:05:39 - test
2020-04-09 13:05:40 - {"message_id":2028025514994284618}
2020-04-10 0:47:50 - 
2020-04-10 0:47:50 - test
2020-04-10 0:47:52 - {"message_id":601890383500016564}
2020-04-10 1:44:19 - 
2020-04-10 1:44:19 - test
2020-04-10 1:44:21 - {"message_id":465396481147032895}
2020-04-11 1:42:10 - 
2020-04-11 1:42:10 - test
2020-04-11 1:42:12 - {"message_id":4494510395252068138}
2020-04-11 9:03:51 - 
2020-04-11 9:03:51 - test
2020-04-11 9:03:53 - {"message_id":5174161015230714855}
2020-04-12 5:07:04 - 
2020-04-12 5:07:04 - test
2020-04-12 5:07:05 - {"message_id":3768271094315410939}
2020-04-12 7:37:57 - 
2020-04-12 7:37:57 - test
2020-04-12 7:37:58 - {"message_id":6160235746503136007}
2020-04-12 8:42:05 - 
2020-04-12 8:42:05 - test
2020-04-12 8:42:06 - {"message_id":7240752692683149365}
2020-04-12 12:57:34 - 
2020-04-12 12:57:34 - test
2020-04-12 12:57:36 - {"message_id":8342363920297091495}
2020-04-13 3:09:10 - 
2020-04-13 3:09:10 - test
2020-04-13 3:09:11 - {"message_id":7730074383436409970}
2020-04-14 1:02:35 - 
2020-04-14 1:02:35 - test
2020-04-14 1:02:36 - {"message_id":4890932345570264867}
2020-04-17 8:01:17 - 
2020-04-17 8:01:17 - test
2020-04-17 8:01:18 - {"message_id":5877024562772745940}
2020-04-18 2:20:09 - 
2020-04-18 2:20:09 - test
2020-04-18 2:20:10 - {"message_id":2898018269018146116}
2020-04-18 5:26:55 - 
2020-04-18 5:26:55 - test
2020-04-18 5:26:57 - {"message_id":8683488968301069642}
2020-04-21 2:20:10 - 
2020-04-21 2:20:10 - test
2020-04-21 2:20:11 - {"message_id":8610728213095402665}
2020-04-21 3:37:36 - 
2020-04-21 3:37:36 - test
2020-04-21 3:37:37 - {"message_id":614334463194821635}
2020-04-22 2:11:41 - 
2020-04-22 2:11:41 - test
2020-04-22 2:11:43 - {"message_id":1008690798047195395}
2020-04-22 3:33:47 - 
2020-04-22 3:33:47 - test
2020-04-22 3:33:48 - {"message_id":4753991913009724647}
2020-04-23 1:23:06 - 
2020-04-23 1:23:06 - test
2020-04-23 1:23:07 - {"message_id":947775834736284244}
2020-04-23 1:23:08 - 
2020-04-23 1:23:08 - test
2020-04-23 1:23:09 - {"message_id":7515309862752060714}
2020-04-24 6:03:33 - 
2020-04-24 6:03:33 - test
2020-04-24 6:03:34 - {"message_id":1658805836419436050}
2020-04-25 3:34:03 - 
2020-04-25 3:34:03 - test
2020-04-25 3:34:05 - {"message_id":6824384994776600751}
2020-04-25 8:21:23 - 
2020-04-25 8:21:23 - test
2020-04-25 8:21:24 - {"message_id":8294100664080176418}
2020-04-26 2:36:31 - 
2020-04-26 2:36:31 - test
2020-04-26 2:36:32 - {"message_id":67378943119873807}
2020-04-27 1:34:41 - 
2020-04-27 1:34:41 - test
2020-04-27 1:34:42 - {"message_id":8293845427758853687}
2020-04-27 2:46:02 - 
2020-04-27 2:46:02 - test
2020-04-27 2:46:03 - {"message_id":1164121465823800720}
2020-04-27 7:03:16 - 
2020-04-27 7:03:16 - test
2020-04-27 7:03:17 - {"message_id":3677263486813068879}
2020-04-27 7:06:19 - 
2020-04-27 7:06:19 - test
2020-04-27 7:06:21 - {"message_id":126102858178663480}
2020-04-28 3:26:38 - 
2020-04-28 3:26:38 - test
2020-04-28 3:26:39 - {"message_id":4973733280645245907}
2020-04-28 15:42:02 - 
2020-04-28 15:42:02 - test
2020-04-28 15:42:03 - {"message_id":4283612678681154913}
2020-04-29 1:19:43 - 
2020-04-29 1:19:43 - test
2020-04-29 1:19:44 - {"message_id":3231520532676708491}
2020-04-29 3:50:45 - 
2020-04-29 3:50:45 - test
2020-04-29 3:50:46 - {"message_id":4524697625310421455}
2020-04-29 7:09:26 - 
2020-04-29 7:09:26 - test
2020-04-29 7:09:27 - {"message_id":8815221794056884573}
2020-04-29 8:08:03 - 
2020-04-29 8:08:03 - test
2020-04-29 8:08:04 - {"message_id":5311338830466871782}
2020-04-29 14:58:41 - 
2020-04-29 14:58:41 - test
2020-04-29 14:58:43 - {"message_id":7284833212612272655}
2020-04-30 0:52:59 - 
2020-04-30 0:52:59 - test
2020-04-30 0:53:00 - {"message_id":5115953038109186940}
2020-04-30 7:36:43 - 
2020-04-30 7:36:43 - test
2020-04-30 7:36:44 - {"message_id":1920794645101126519}
2020-04-30 7:41:13 - 
2020-04-30 7:41:13 - test
2020-04-30 7:41:14 - {"message_id":8930103446874702267}
2020-05-01 2:09:36 - 
2020-05-01 2:09:36 - test
2020-05-01 2:09:37 - {"message_id":4774384187041053972}
2020-05-02 2:10:51 - 
2020-05-02 2:10:51 - test
2020-05-02 2:10:52 - {"message_id":7429130865206644777}
2020-05-02 7:51:57 - 
2020-05-02 7:51:57 - test
2020-05-02 7:51:58 - {"message_id":8045675605825491501}
2020-05-02 9:08:47 - 
2020-05-02 9:08:47 - test
2020-05-02 9:08:48 - {"message_id":2108166893248544141}
2020-05-02 9:09:17 - 
2020-05-02 9:09:17 - test
2020-05-02 9:09:18 - {"message_id":7334065535043530134}
2020-05-03 1:26:15 - 
2020-05-03 1:26:15 - test
2020-05-03 1:26:16 - {"message_id":6780014868841836744}
2020-05-03 9:47:56 - 
2020-05-03 9:47:56 - test
2020-05-03 9:47:58 - {"message_id":399638836639235180}
2020-05-03 22:17:50 - 
2020-05-03 22:17:50 - test
2020-05-03 22:17:51 - {"message_id":3665395973534776267}
2020-05-04 2:06:38 - 
2020-05-04 2:06:38 - test
2020-05-04 2:06:39 - {"message_id":5557802650509086183}
2020-05-05 1:12:02 - 
2020-05-05 1:12:02 - test
2020-05-05 1:12:03 - {"message_id":833682065825190969}
2020-05-05 6:39:42 - 
2020-05-05 6:39:42 - test
2020-05-05 6:39:44 - {"message_id":3088024541417747940}
2020-05-05 11:56:00 - 
2020-05-05 11:56:00 - test
2020-05-05 11:56:01 - {"message_id":6114344776346112505}
2020-05-05 11:57:33 - 
2020-05-05 11:57:33 - test
2020-05-05 11:57:34 - {"message_id":8204065577121090826}
2020-05-07 3:30:12 - 
2020-05-07 3:30:12 - test
2020-05-07 3:30:13 - {"message_id":6414509973071006210}
2020-05-07 7:35:32 - 
2020-05-07 7:35:32 - test
2020-05-07 7:35:34 - {"message_id":8303564663478467257}
2020-05-07 7:36:58 - 
2020-05-07 7:36:58 - test
2020-05-07 7:37:00 - {"message_id":7897714694941798496}
2020-05-09 1:45:54 - 
2020-05-09 1:45:54 - test
2020-05-09 1:45:55 - {"message_id":8511341827163955329}
2020-05-10 0:52:05 - 
2020-05-10 0:52:05 - test
2020-05-10 0:52:06 - {"message_id":2240333536571868351}
2020-05-10 0:54:26 - 
2020-05-10 0:54:26 - test
2020-05-10 0:54:27 - {"message_id":3709544166877894044}
2020-05-10 1:48:54 - 
2020-05-10 1:48:54 - test
2020-05-10 1:48:55 - {"message_id":8436035553461420756}
2020-05-11 1:41:31 - 
2020-05-11 1:41:31 - test
2020-05-11 1:41:32 - {"message_id":4373372616438436114}
2020-05-11 1:55:44 - 
2020-05-11 1:55:44 - test
2020-05-11 1:55:45 - {"message_id":8997033007516626746}
2020-05-12 1:33:36 - 
2020-05-12 1:33:36 - test
2020-05-12 1:33:37 - {"message_id":8235115987853522951}
2020-05-12 10:24:45 - 
2020-05-12 10:24:45 - test
2020-05-12 10:24:46 - {"message_id":8471229390476662716}
2020-05-12 10:26:19 - 
2020-05-12 10:26:19 - test
2020-05-12 10:26:20 - {"message_id":433441056773779293}
2020-05-13 1:17:37 - 
2020-05-13 1:17:37 - test
2020-05-13 1:17:39 - {"message_id":1348170284949823443}
2020-05-13 5:12:25 - 
2020-05-13 5:12:25 - test
2020-05-13 5:12:26 - {"message_id":1110648435313852915}
2020-05-13 11:20:44 - 
2020-05-13 11:20:44 - test
2020-05-13 11:20:46 - {"message_id":1516730098128135210}
2020-05-13 11:23:39 - 
2020-05-13 11:23:39 - test
2020-05-13 11:23:40 - {"message_id":3482223005560411484}
2020-05-13 13:09:05 - 
2020-05-13 13:09:05 - test
2020-05-13 13:09:06 - {"message_id":1347004677214765050}
2020-05-13 13:12:00 - 
2020-05-13 13:12:00 - test
2020-05-13 13:12:01 - {"message_id":5542412990005623853}
2020-05-14 1:23:21 - 
2020-05-14 1:23:21 - test
2020-05-14 1:23:22 - {"message_id":8653551495723891227}
2020-05-14 1:32:12 - 
2020-05-14 1:32:12 - test
2020-05-14 1:32:13 - {"message_id":8096865587338528725}
2020-05-14 5:24:05 - 
2020-05-14 5:24:05 - test
2020-05-14 5:24:06 - {"message_id":5915657396280179877}
2020-05-15 1:03:33 - 
2020-05-15 1:03:33 - test
2020-05-15 1:03:34 - {"message_id":4548012032833946709}
2020-05-15 4:10:34 - 
2020-05-15 4:10:34 - test
2020-05-15 4:10:35 - {"message_id":5667789510763264871}
2020-05-16 2:27:10 - 
2020-05-16 2:27:10 - test
2020-05-16 2:27:11 - {"message_id":8234341081695733278}
2020-05-16 9:36:19 - 
2020-05-16 9:36:19 - test
2020-05-16 9:36:21 - {"message_id":5080759211614542877}
2020-05-16 9:42:22 - 
2020-05-16 9:42:22 - test
2020-05-16 9:42:23 - {"message_id":2938129342219612234}
2020-05-17 2:08:24 - 
2020-05-17 2:08:24 - test
2020-05-17 2:08:25 - {"message_id":3986558640545730328}
2020-05-18 14:40:12 - 
2020-05-18 14:40:12 - test
2020-05-18 14:40:14 - {"message_id":4883973264740169467}
2020-05-19 2:50:42 - 
2020-05-19 2:50:42 - test
2020-05-19 2:50:44 - {"message_id":7876809352391966354}
2020-05-19 7:50:16 - 
2020-05-19 7:50:16 - test
2020-05-19 7:50:18 - {"message_id":1515492891451469067}
2020-05-19 12:49:04 - 
2020-05-19 12:49:04 - test
2020-05-19 12:49:05 - {"message_id":8594393553637677273}
2020-05-19 12:50:44 - 
2020-05-19 12:50:44 - test
2020-05-19 12:50:45 - {"message_id":7723059765867668196}
2020-05-20 10:29:25 - 
2020-05-20 10:29:25 - test
2020-05-20 10:29:26 - {"message_id":2321464380105731980}
2020-05-21 14:54:59 - 
2020-05-21 14:54:59 - test
2020-05-21 14:55:00 - {"message_id":4338221825783493011}
2020-05-22 0:56:31 - 
2020-05-22 0:56:31 - test
2020-05-22 0:56:32 - {"message_id":2623735092779040936}
2020-05-22 2:29:10 - 
2020-05-22 2:29:10 - test
2020-05-22 2:29:11 - {"message_id":4583032169701473009}
2020-05-23 1:02:11 - 
2020-05-23 1:02:11 - test
2020-05-23 1:02:12 - {"message_id":4504610173846499870}
2020-05-24 1:56:31 - 
2020-05-24 1:56:31 - test
2020-05-24 1:56:33 - {"message_id":1804378462427395384}
2020-05-24 12:07:08 - 
2020-05-24 12:07:08 - test
2020-05-24 12:07:10 - {"message_id":1352974881980890662}
2020-05-25 11:19:11 - 
2020-05-25 11:19:11 - test
2020-05-25 11:19:13 - {"message_id":4375152009151356079}
2020-05-27 1:01:55 - 
2020-05-27 1:01:55 - test
2020-05-27 1:01:56 - {"message_id":7377788556447356977}
2020-05-27 8:33:06 - 
2020-05-27 8:33:06 - test
2020-05-27 8:33:07 - {"message_id":6933709043033041486}
2020-05-28 2:10:43 - 
2020-05-28 2:10:43 - test
2020-05-28 2:10:45 - {"message_id":625209676412263578}
2020-05-28 4:42:21 - 
2020-05-28 4:42:21 - test
2020-05-28 4:42:22 - {"message_id":8068924845935045617}
2020-05-29 2:00:50 - 
2020-05-29 2:00:50 - test
2020-05-29 2:00:52 - {"message_id":710046088141826032}
2020-05-29 2:01:21 - 
2020-05-29 2:01:21 - test
2020-05-29 2:01:22 - {"message_id":441742049585617273}
2020-05-29 2:01:24 - 
2020-05-29 2:01:24 - test
2020-05-29 2:01:26 - {"message_id":6968824176845381456}
2020-05-29 2:02:19 - 
2020-05-29 2:02:19 - test
2020-05-29 2:02:21 - {"message_id":8028032965141198553}
2020-05-29 7:22:47 - 
2020-05-29 7:22:47 - test
2020-05-29 7:22:48 - {"message_id":4995707362443915312}
2020-05-29 8:26:09 - 
2020-05-29 8:26:09 - test
2020-05-29 8:26:11 - {"message_id":5755834673468752565}
2020-05-29 9:26:29 - 
2020-05-29 9:26:29 - test
2020-05-29 9:26:31 - {"message_id":3380890694295032061}
2020-05-30 1:00:35 - 
2020-05-30 1:00:35 - test
2020-05-30 1:00:36 - {"message_id":4561973864126129415}
2020-05-30 1:50:46 - 
2020-05-30 1:50:46 - test
2020-05-30 1:50:47 - {"message_id":1483890494968980529}
2020-05-30 1:52:08 - 
2020-05-30 1:52:08 - test
2020-05-30 1:52:10 - {"message_id":1630772300056417936}
2020-05-30 5:04:16 - 
2020-05-30 5:04:16 - test
2020-05-30 5:04:17 - {"message_id":2683465538481082417}
2020-05-30 10:00:36 - 
2020-05-30 10:00:36 - test
2020-05-30 10:00:38 - {"message_id":3538782648392452022}
2020-05-30 10:02:34 - 
2020-05-30 10:02:34 - test
2020-05-30 10:02:35 - {"message_id":7931519689519138983}
2020-05-31 1:02:19 - 
2020-05-31 1:02:19 - test
2020-05-31 1:02:21 - {"message_id":1973491789207292576}
2020-05-31 11:40:03 - 
2020-05-31 11:40:03 - test
2020-05-31 11:40:04 - {"message_id":787225544483895758}
2020-05-31 11:41:14 - 
2020-05-31 11:41:14 - test
2020-05-31 11:41:15 - {"message_id":7725111509693396273}
2020-05-31 11:58:36 - 
2020-05-31 11:58:36 - test
2020-05-31 11:58:37 - {"message_id":4590294028835578352}
2020-05-31 23:13:09 - 
2020-05-31 23:13:09 - test
2020-05-31 23:13:10 - {"message_id":7775032683043263804}
2020-06-01 3:58:18 - 
2020-06-01 3:58:18 - test
2020-06-01 3:58:19 - {"message_id":65502142799683262}
2020-06-01 5:02:32 - 
2020-06-01 5:02:32 - test
2020-06-01 5:02:34 - {"message_id":5246272232515726755}
2020-06-01 10:37:07 - 
2020-06-01 10:37:07 - test
2020-06-01 10:37:08 - {"message_id":2382058798505680666}
2020-06-01 11:46:04 - 
2020-06-01 11:46:04 - test
2020-06-01 11:46:05 - {"message_id":7953080202030120930}
2020-06-02 2:42:22 - 
2020-06-02 2:42:22 - test
2020-06-02 2:42:23 - {"message_id":4442373591969099492}
2020-06-02 4:52:41 - 
2020-06-02 4:52:41 - test
2020-06-02 4:52:42 - {"message_id":2905298048977403574}
2020-06-02 4:54:11 - 
2020-06-02 4:54:11 - test
2020-06-02 4:54:12 - {"message_id":3129387446771445972}
2020-06-02 8:23:49 - 
2020-06-02 8:23:49 - test
2020-06-02 8:23:50 - {"message_id":520611082585008830}
2020-06-02 8:29:01 - 
2020-06-02 8:29:01 - test
2020-06-02 8:29:03 - {"message_id":8240391759948016280}
2020-06-02 10:58:48 - 
2020-06-02 10:58:48 - test
2020-06-02 10:58:49 - {"message_id":6138382894906282646}
2020-06-02 11:00:27 - 
2020-06-02 11:00:27 - test
2020-06-02 11:00:28 - {"message_id":4186740865867060387}
2020-06-03 1:49:50 - 
2020-06-03 1:49:50 - test
2020-06-03 1:49:51 - {"message_id":5979827606688071024}
2020-06-04 0:45:33 - 
2020-06-04 0:45:33 - test
2020-06-04 0:45:34 - {"message_id":3994819007693079589}
2020-06-04 4:48:10 - 
2020-06-04 4:48:10 - test
2020-06-04 4:48:11 - {"message_id":6369144999027752338}
2020-06-04 4:49:20 - 
2020-06-04 4:49:20 - test
2020-06-04 4:49:22 - {"message_id":1476253354255428482}
2020-06-04 7:04:18 - 
2020-06-04 7:04:18 - test
2020-06-04 7:04:20 - {"message_id":7644773934900487557}
2020-06-04 7:06:01 - 
2020-06-04 7:06:01 - test
2020-06-04 7:06:02 - {"message_id":3426458483533980654}
2020-06-05 1:05:35 - 
2020-06-05 1:05:35 - test
2020-06-05 1:05:36 - {"message_id":1191684013363029897}
2020-06-05 3:18:23 - 
2020-06-05 3:18:23 - test
2020-06-05 3:18:24 - {"message_id":1936313402840242435}
2020-06-05 3:19:52 - 
2020-06-05 3:19:52 - test
2020-06-05 3:19:53 - {"message_id":187508652693502684}
2020-06-05 5:41:03 - 
2020-06-05 5:41:03 - test
2020-06-05 5:41:04 - {"message_id":9061226767607372821}
2020-06-05 10:26:43 - 
2020-06-05 10:26:43 - test
2020-06-05 10:26:45 - {"message_id":1166206279606605279}
2020-06-05 11:53:45 - 
2020-06-05 11:53:45 - test
2020-06-05 11:53:46 - {"message_id":825505271905106933}
2020-06-06 2:37:58 - 
2020-06-06 2:37:58 - test
2020-06-06 2:37:59 - {"message_id":7743127906531422742}
2020-06-06 4:30:56 - 
2020-06-06 4:30:56 - test
2020-06-06 4:30:57 - {"message_id":2990821672432081987}
2020-06-06 4:32:33 - 
2020-06-06 4:32:33 - test
2020-06-06 4:32:34 - {"message_id":2750423467821359239}
2020-06-06 6:55:22 - 
2020-06-06 6:55:22 - test
2020-06-06 6:55:23 - {"message_id":6694584096587919381}
2020-06-06 9:24:04 - 
2020-06-06 9:24:04 - test
2020-06-06 9:24:05 - {"message_id":5238929768086715028}
2020-06-07 1:13:02 - 
2020-06-07 1:13:02 - test
2020-06-07 1:13:03 - {"message_id":8252219641697565457}
2020-06-07 2:32:36 - 
2020-06-07 2:32:36 - test
2020-06-07 2:32:37 - {"message_id":5381645563346933309}
2020-06-07 5:12:29 - 
2020-06-07 5:12:29 - test
2020-06-07 5:12:30 - {"message_id":6696622007340634765}
2020-06-07 5:13:39 - 
2020-06-07 5:13:39 - test
2020-06-07 5:13:40 - {"message_id":5027916283073046727}
2020-06-08 1:02:53 - 
2020-06-08 1:02:53 - test
2020-06-08 1:02:55 - {"message_id":5559560775181250504}
2020-06-08 2:17:41 - 
2020-06-08 2:17:41 - test
2020-06-08 2:17:42 - {"message_id":7502388821508504867}
2020-06-08 10:04:21 - 
2020-06-08 10:04:21 - test
2020-06-08 10:04:22 - {"message_id":4307283526886867413}
2020-06-08 12:33:41 - 
2020-06-08 12:33:41 - test
2020-06-08 12:33:42 - {"message_id":5280959852005675640}
2020-06-08 12:35:43 - 
2020-06-08 12:35:43 - test
2020-06-08 12:35:44 - {"message_id":7856689809730932398}
2020-06-08 14:44:41 - 
2020-06-08 14:44:41 - test
2020-06-08 14:44:42 - {"message_id":7014375403591786825}
2020-06-08 14:46:00 - 
2020-06-08 14:46:00 - test
2020-06-08 14:46:01 - {"message_id":9149239122315917169}
2020-06-09 2:33:14 - 
2020-06-09 2:33:14 - test
2020-06-09 2:33:15 - {"message_id":987137153055077038}
2020-06-09 4:59:45 - 
2020-06-09 4:59:45 - test
2020-06-09 4:59:46 - {"message_id":3526574525818108488}
2020-06-09 10:33:44 - 
2020-06-09 10:33:44 - test
2020-06-09 10:33:45 - {"message_id":5490831415001222343}
2020-06-09 10:35:43 - 
2020-06-09 10:35:43 - test
2020-06-09 10:35:45 - {"message_id":2890744132382466382}
2020-06-10 1:07:04 - 
2020-06-10 1:07:04 - test
2020-06-10 1:07:05 - {"message_id":7165008888790903911}
2020-06-10 6:10:37 - 
2020-06-10 6:10:37 - test
2020-06-10 6:10:38 - {"message_id":7266369289635998328}
2020-06-10 8:39:50 - 
2020-06-10 8:39:50 - test
2020-06-10 8:39:51 - {"message_id":3624494704891840173}
2020-06-10 9:04:57 - 
2020-06-10 9:04:57 - test
2020-06-10 9:04:58 - {"message_id":6382328096873283950}
2020-06-11 4:00:24 - 
2020-06-11 4:00:24 - test
2020-06-11 4:00:26 - {"message_id":8600802678446883650}
2020-06-11 8:16:33 - 
2020-06-11 8:16:33 - test
2020-06-11 8:16:34 - {"message_id":3520750841442197712}
2020-06-11 8:18:01 - 
2020-06-11 8:18:01 - test
2020-06-11 8:18:02 - {"message_id":4617223503997822743}
2020-06-11 9:16:52 - 
2020-06-11 9:16:52 - test
2020-06-11 9:16:53 - {"message_id":1807502553015981364}
2020-06-12 1:24:14 - 
2020-06-12 1:24:14 - test
2020-06-12 1:24:15 - {"message_id":1810428806777989247}
2020-06-13 0:50:57 - 
2020-06-13 0:50:57 - test
2020-06-13 0:50:58 - {"message_id":8804248282706857539}
2020-06-14 0:35:03 - 
2020-06-14 0:35:03 - test
2020-06-14 0:35:04 - {"message_id":7507313765279890500}
2020-06-14 5:38:02 - 
2020-06-14 5:38:02 - test
2020-06-14 5:38:03 - {"message_id":5892947965546308277}
2020-06-15 5:50:39 - 
2020-06-15 5:50:39 - test
2020-06-15 5:50:41 - {"message_id":7620140555353035408}
2020-06-16 0:41:25 - 
2020-06-16 0:41:25 - test
2020-06-16 0:41:26 - {"message_id":7390444226193281686}
2020-06-16 5:02:13 - 
2020-06-16 5:02:13 - test
2020-06-16 5:02:14 - {"message_id":1591389142444821720}
2020-06-16 9:31:52 - 
2020-06-16 9:31:52 - test
2020-06-16 9:31:53 - {"message_id":4182188782031568848}
2020-06-16 9:34:22 - 
2020-06-16 9:34:22 - test
2020-06-16 9:34:23 - {"message_id":498291272701061655}
2020-06-16 11:00:20 - 
2020-06-16 11:00:20 - test
2020-06-16 11:00:21 - {"message_id":1109958683722505705}
2020-06-16 11:02:17 - 
2020-06-16 11:02:17 - test
2020-06-16 11:02:18 - {"message_id":3426081698936440189}
2020-06-17 1:20:22 - 
2020-06-17 1:20:22 - test
2020-06-17 1:20:23 - {"message_id":11315228730669723}
2020-06-17 6:27:56 - 
2020-06-17 6:27:56 - test
2020-06-17 6:27:58 - {"message_id":2074553328011755226}
2020-06-17 6:29:41 - 
2020-06-17 6:29:41 - test
2020-06-17 6:29:42 - {"message_id":5001804111246447679}
2020-06-17 9:17:20 - 
2020-06-17 9:17:20 - test
2020-06-17 9:17:21 - {"message_id":2757494049691699213}
2020-06-18 1:10:52 - 
2020-06-18 1:10:52 - test
2020-06-18 1:10:53 - {"message_id":8152704880012732077}
2020-06-18 3:36:55 - 
2020-06-18 3:36:55 - test
2020-06-18 3:36:56 - {"message_id":7258236031835269891}
2020-06-18 3:40:43 - 
2020-06-18 3:40:43 - test
2020-06-18 3:40:44 - {"message_id":1166058701508078677}
2020-06-18 10:49:55 - 
2020-06-18 10:49:55 - test
2020-06-18 10:49:57 - {"message_id":3514095963703665899}
2020-06-19 0:37:50 - 
2020-06-19 0:37:50 - test
2020-06-19 0:37:51 - {"message_id":8087828051782845859}
2020-06-19 0:41:01 - 
2020-06-19 0:41:01 - test
2020-06-19 0:41:02 - {"message_id":9083840665917363667}
2020-06-20 0:48:08 - 
2020-06-20 0:48:08 - test
2020-06-20 0:48:09 - {"message_id":5342971848762325273}
2020-06-20 1:05:45 - 
2020-06-20 1:05:45 - test
2020-06-20 1:05:46 - {"message_id":8337585060018875598}
2020-06-20 4:48:00 - 
2020-06-20 4:48:00 - test
2020-06-20 4:48:02 - {"message_id":4705615498250652811}
2020-06-20 4:49:54 - 
2020-06-20 4:49:54 - test
2020-06-20 4:49:56 - {"message_id":2615216686793351687}
2020-06-20 8:27:39 - 
2020-06-20 8:27:39 - test
2020-06-20 8:27:41 - {"message_id":4785306022145913051}
2020-06-20 8:29:37 - 
2020-06-20 8:29:37 - test
2020-06-20 8:29:38 - {"message_id":9211095024473227914}
2020-06-20 11:13:39 - 
2020-06-20 11:13:39 - test
2020-06-20 11:13:41 - {"message_id":5295382905868279997}
2020-06-21 2:30:57 - 
2020-06-21 2:30:57 - test
2020-06-21 2:30:58 - {"message_id":6017335963843749431}
2020-06-21 6:51:02 - 
2020-06-21 6:51:02 - test
2020-06-21 6:51:04 - {"message_id":5607069485481367706}
2020-06-21 6:52:45 - 
2020-06-21 6:52:45 - test
2020-06-21 6:52:47 - {"message_id":6789656075303724860}
2020-06-22 5:49:06 - 
2020-06-22 5:49:06 - test
2020-06-22 5:49:07 - {"message_id":4801675005776834234}
2020-06-22 6:57:57 - 
2020-06-22 6:57:57 - test
2020-06-22 6:57:59 - {"message_id":1342711350125020653}
2020-06-22 9:47:02 - 
2020-06-22 9:47:02 - test
2020-06-22 9:47:03 - {"message_id":2366507669162488890}
2020-06-22 9:47:34 - 
2020-06-22 9:47:34 - test
2020-06-22 9:47:35 - {"message_id":4870591661131117696}
2020-06-22 13:24:02 - 
2020-06-22 13:24:02 - test
2020-06-22 13:24:03 - {"message_id":5361553763835386828}
2020-06-23 1:07:28 - 
2020-06-23 1:07:28 - test
2020-06-23 1:07:30 - {"message_id":5834527740167808808}
2020-06-23 4:30:24 - 
2020-06-23 4:30:24 - test
2020-06-23 4:30:25 - {"message_id":2426356384324028189}
2020-06-23 4:32:57 - 
2020-06-23 4:32:57 - test
2020-06-23 4:32:58 - {"message_id":106307416055432117}
2020-06-23 11:50:54 - 
2020-06-23 11:50:54 - test
2020-06-23 11:50:55 - {"message_id":1982686282137805325}
2020-06-24 1:38:04 - 
2020-06-24 1:38:04 - test
2020-06-24 1:38:05 - {"message_id":3116891171761974058}
2020-06-25 0:34:48 - 
2020-06-25 0:34:48 - test
2020-06-25 0:34:49 - {"message_id":3730565375419365074}
2020-06-25 2:53:16 - 
2020-06-25 2:53:16 - test
2020-06-25 2:53:17 - {"message_id":3553243351081398222}
2020-06-25 11:01:34 - 
2020-06-25 11:01:34 - test
2020-06-25 11:01:36 - {"message_id":1786395412115300128}
2020-06-25 11:02:59 - 
2020-06-25 11:02:59 - test
2020-06-25 11:03:00 - {"message_id":8296842575572962026}
2020-06-26 2:55:21 - 
2020-06-26 2:55:21 - test
2020-06-26 2:55:23 - {"message_id":7778962666621482923}
2020-06-26 2:58:31 - 
2020-06-26 2:58:31 - test
2020-06-26 2:58:32 - {"message_id":7238795664278791605}
2020-06-26 6:44:50 - 
2020-06-26 6:44:50 - test
2020-06-26 6:44:51 - {"message_id":8757499768368916810}
2020-06-26 10:20:16 - 
2020-06-26 10:20:16 - test
2020-06-26 10:20:17 - {"message_id":8035371893091003749}
2020-06-26 10:22:55 - 
2020-06-26 10:22:55 - test
2020-06-26 10:22:57 - {"message_id":3463204355227289268}
2020-06-27 2:52:08 - 
2020-06-27 2:52:08 - test
2020-06-27 2:52:09 - {"message_id":86772585127878140}
2020-06-27 5:10:53 - 
2020-06-27 5:10:53 - test
2020-06-27 5:10:54 - {"message_id":2071975270375564959}
2020-06-27 10:17:53 - 
2020-06-27 10:17:53 - test
2020-06-27 10:17:54 - {"message_id":7523203024755559657}
2020-06-27 10:19:40 - 
2020-06-27 10:19:40 - test
2020-06-27 10:19:42 - {"message_id":765390293160607821}
2020-06-29 0:52:15 - 
2020-06-29 0:52:15 - test
2020-06-29 0:52:17 - {"message_id":5415134339400090457}
2020-06-29 5:23:35 - 
2020-06-29 5:23:35 - test
2020-06-29 5:23:37 - {"message_id":176027426998241254}
2020-06-29 5:26:42 - 
2020-06-29 5:26:42 - test
2020-06-29 5:26:43 - {"message_id":38499446776984035}
2020-06-29 10:07:22 - 
2020-06-29 10:07:22 - test
2020-06-29 10:07:23 - {"message_id":7962900838036951266}
2020-06-29 10:09:33 - 
2020-06-29 10:09:33 - test
2020-06-29 10:09:34 - {"message_id":7466549634332731206}
2020-06-30 3:05:06 - 
2020-06-30 3:05:06 - test
2020-06-30 3:05:07 - {"message_id":5151475389806831559}
2020-06-30 3:06:56 - 
2020-06-30 3:06:56 - test
2020-06-30 3:06:57 - {"message_id":7320690250465127710}
2020-06-30 4:28:12 - 
2020-06-30 4:28:12 - test
2020-06-30 4:28:12 - 
2020-06-30 4:28:12 - test
2020-06-30 4:28:14 - {"message_id":8592260438258803049}
2020-06-30 4:28:14 - 
2020-06-30 4:28:14 - test
2020-06-30 4:28:14 - {"message_id":6747291305127813590}
2020-06-30 4:28:15 - {"message_id":816232612866425042}
2020-06-30 4:50:44 - 
2020-06-30 4:50:44 - test
2020-06-30 4:50:45 - {"message_id":3626306392315248074}
2020-06-30 4:59:33 - 
2020-06-30 4:59:33 - test
2020-06-30 4:59:35 - {"message_id":4667651981973276249}
2020-06-30 5:09:32 - 
2020-06-30 5:09:32 - test
2020-06-30 5:09:33 - {"message_id":6437440902421532696}
2020-07-01 0:41:20 - 
2020-07-01 0:41:20 - test
2020-07-01 0:41:21 - {"message_id":2326087105388290630}
2020-07-01 4:34:56 - 
2020-07-01 4:34:56 - test
2020-07-01 4:34:57 - {"message_id":2896106896048288011}
2020-07-01 4:36:26 - 
2020-07-01 4:36:26 - test
2020-07-01 4:36:27 - {"message_id":5759096116745761839}
2020-07-01 5:48:12 - 
2020-07-01 5:48:12 - test
2020-07-01 5:48:14 - {"message_id":8025649535640381172}
2020-07-01 6:33:27 - 
2020-07-01 6:33:27 - test
2020-07-01 6:33:28 - {"message_id":6553857903307015683}
2020-07-01 8:41:15 - 
2020-07-01 8:41:15 - test
2020-07-01 8:41:17 - {"message_id":8264180448057597627}
2020-07-01 8:42:52 - 
2020-07-01 8:42:52 - test
2020-07-01 8:42:53 - {"message_id":3606226219656336240}
2020-07-01 11:02:34 - 
2020-07-01 11:02:34 - test
2020-07-01 11:02:35 - {"message_id":7332320852294860430}
2020-07-01 11:04:33 - 
2020-07-01 11:04:33 - test
2020-07-01 11:04:34 - {"message_id":6364814825521590707}
2020-07-02 0:48:08 - 
2020-07-02 0:48:08 - test
2020-07-02 0:48:09 - {"message_id":4910090640880354810}
2020-07-02 9:53:22 - 
2020-07-02 9:53:22 - test
2020-07-02 9:53:23 - {"message_id":5007233830368555946}
2020-07-02 12:33:45 - 
2020-07-02 12:33:45 - test
2020-07-02 12:33:46 - {"message_id":7678056559771303037}
2020-07-03 1:06:52 - 
2020-07-03 1:06:52 - test
2020-07-03 1:06:53 - {"message_id":6922085976195415543}
2020-07-03 1:11:29 - 
2020-07-03 1:11:29 - test
2020-07-03 1:11:30 - {"message_id":4285644701023048685}
2020-07-03 5:40:54 - 
2020-07-03 5:40:54 - test
2020-07-03 5:40:55 - {"message_id":3244573600096175037}
2020-07-03 5:42:37 - 
2020-07-03 5:42:37 - test
2020-07-03 5:42:39 - {"message_id":3205581786908060442}
2020-07-03 13:33:00 - 
2020-07-03 13:33:00 - test
2020-07-03 13:33:01 - {"message_id":5822356404110459909}
2020-07-03 13:35:18 - 
2020-07-03 13:35:18 - test
2020-07-03 13:35:19 - {"message_id":6931311919023125922}
2020-07-04 2:51:02 - 
2020-07-04 2:51:02 - test
2020-07-04 2:51:03 - {"message_id":5189188803551433082}
2020-07-04 10:34:05 - 
2020-07-04 10:34:05 - test
2020-07-04 10:34:06 - {"message_id":5645577676002822171}
2020-07-05 0:49:38 - 
2020-07-05 0:49:38 - test
2020-07-05 0:49:39 - {"message_id":3325242491689833430}
2020-07-05 2:52:26 - 
2020-07-05 2:52:26 - test
2020-07-05 2:52:27 - {"message_id":1548799072301326856}
2020-07-05 5:13:33 - 
2020-07-05 5:13:33 - test
2020-07-05 5:13:34 - {"message_id":3531916328452663607}
2020-07-05 5:15:10 - 
2020-07-05 5:15:10 - test
2020-07-05 5:15:11 - {"message_id":3318196351133975155}
2020-07-05 8:10:56 - 
2020-07-05 8:10:56 - test
2020-07-05 8:10:57 - {"message_id":3088341963232047492}
2020-07-05 8:12:32 - 
2020-07-05 8:12:32 - test
2020-07-05 8:12:33 - {"message_id":3431210132926018445}
2020-07-06 1:39:25 - 
2020-07-06 1:39:25 - test
2020-07-06 1:39:26 - {"message_id":3897402947794995265}
2020-07-06 6:32:44 - 
2020-07-06 6:32:44 - test
2020-07-06 6:32:46 - {"message_id":4503033147834821834}
2020-07-06 6:35:09 - 
2020-07-06 6:35:09 - test
2020-07-06 6:35:09 - {"message_id":1009196964949374673}
2020-07-07 1:01:14 - 
2020-07-07 1:01:14 - test
2020-07-07 1:01:15 - {"message_id":5789190297286175601}
2020-07-07 1:03:10 - 
2020-07-07 1:03:10 - test
2020-07-07 1:03:11 - {"message_id":4830999273953630985}
2020-07-07 10:50:49 - 
2020-07-07 10:50:49 - test
2020-07-07 10:50:50 - {"message_id":7373844393801084655}
2020-07-08 1:06:14 - 
2020-07-08 1:06:14 - test
2020-07-08 1:06:16 - {"message_id":2833353841500803760}
2020-07-08 1:08:00 - 
2020-07-08 1:08:00 - test
2020-07-08 1:08:01 - {"message_id":5345545549025296593}
2020-07-08 4:24:38 - 
2020-07-08 4:24:38 - test
2020-07-08 4:24:39 - {"message_id":494974933403830147}
2020-07-08 10:23:29 - 
2020-07-08 10:23:29 - test
2020-07-08 10:23:30 - {"message_id":7727408208520737879}
2020-07-09 3:31:28 - 
2020-07-09 3:31:28 - test
2020-07-09 3:31:29 - {"message_id":1924188241014180346}
2020-07-09 3:32:40 - 
2020-07-09 3:32:40 - test
2020-07-09 3:32:41 - {"message_id":2855802113215796219}
2020-07-10 1:09:09 - 
2020-07-10 1:09:09 - test
2020-07-10 1:09:11 - {"message_id":7569201987362372428}
2020-07-10 1:10:38 - 
2020-07-10 1:10:38 - test
2020-07-10 1:10:39 - {"message_id":228505329565409062}
2020-07-11 1:02:43 - 
2020-07-11 1:02:43 - test
2020-07-11 1:02:44 - {"message_id":7745300658885745995}
2020-07-11 9:01:45 - 
2020-07-11 9:01:45 - test
2020-07-11 9:01:46 - {"message_id":8709460926785094112}
2020-07-11 9:02:53 - 
2020-07-11 9:02:53 - test
2020-07-11 9:02:55 - {"message_id":3251084411102252889}
2020-07-11 11:44:40 - 
2020-07-11 11:44:40 - test
2020-07-11 11:44:41 - {"message_id":2770556111806529288}
2020-07-11 11:46:40 - 
2020-07-11 11:46:40 - test
2020-07-11 11:46:42 - {"message_id":1461788602460061105}
2020-07-12 3:22:05 - 
2020-07-12 3:22:05 - test
2020-07-12 3:22:06 - {"message_id":4495481078984279976}
2020-07-12 3:23:34 - 
2020-07-12 3:23:34 - test
2020-07-12 3:23:35 - {"message_id":4570720057851328893}
2020-07-13 0:36:11 - 
2020-07-13 0:36:11 - test
2020-07-13 0:36:12 - {"message_id":5040375164442816185}
2020-07-13 5:24:43 - 
2020-07-13 5:24:43 - test
2020-07-13 5:24:44 - {"message_id":7624067067263511060}
2020-07-13 5:26:05 - 
2020-07-13 5:26:05 - test
2020-07-13 5:26:06 - {"message_id":3089845473785064690}
2020-07-14 5:00:29 - 
2020-07-14 5:00:29 - test
2020-07-14 5:00:31 - {"message_id":549529846127271617}
2020-07-14 12:53:14 - 
2020-07-14 12:53:14 - test
2020-07-14 12:53:15 - {"message_id":2137935332574237190}
2020-07-14 12:54:36 - 
2020-07-14 12:54:36 - test
2020-07-14 12:54:37 - {"message_id":2297450601997321079}
2020-07-15 6:20:38 - 
2020-07-15 6:20:38 - test
2020-07-15 6:20:39 - {"message_id":2185756811604935616}
2020-07-15 6:58:32 - 
2020-07-15 6:58:32 - test
2020-07-15 6:58:33 - {"message_id":1047093975241124660}
2020-07-16 4:16:19 - 
2020-07-16 4:16:19 - test
2020-07-16 4:16:21 - {"message_id":4311011869815765869}
2020-07-16 4:17:57 - 
2020-07-16 4:17:57 - test
2020-07-16 4:17:58 - {"message_id":6186222818411482450}
2020-07-17 4:15:23 - 
2020-07-17 4:15:23 - test
2020-07-17 4:15:24 - {"message_id":4216849037148471411}
2020-07-17 4:22:31 - 
2020-07-17 4:22:31 - test
2020-07-17 4:22:32 - {"message_id":5662838352081133302}
2020-08-18 3:42:08 - 
2020-08-18 3:42:08 - test
2020-08-18 3:42:09 - {"message_id":4911686501553342437}
2020-08-18 6:56:18 - 
2020-08-18 6:56:18 - test
2020-08-18 7:43:35 - <HTML>
<HEAD>
<TITLE>INVALID_KEY</TITLE>
</HEAD>
<BODY BGCOLOR="#FFFFFF" TEXT="#000000">
<H1>INVALID_KEY</H1>
<H2>Error 401</H2>
</BODY>
</HTML>

2020-08-18 8:04:26 - <HTML>
<HEAD>
<TITLE>INVALID_KEY</TITLE>
</HEAD>
<BODY BGCOLOR="#FFFFFF" TEXT="#000000">
<H1>INVALID_KEY</H1>
<H2>Error 401</H2>
</BODY>
</HTML>

2020-08-18 8:05:51 - <HTML>
<HEAD>
<TITLE>INVALID_KEY</TITLE>
</HEAD>
<BODY BGCOLOR="#FFFFFF" TEXT="#000000">
<H1>INVALID_KEY</H1>
<H2>Error 401</H2>
</BODY>
</HTML>

2020-08-18 8:07:25 - 
2020-08-18 8:07:25 - test
2020-08-18 8:07:27 - 
2020-08-18 8:07:27 - test
2020-08-18 8:07:28 - 
2020-08-18 8:07:28 - test
2020-08-18 8:08:33 - 
2020-08-18 8:08:33 - test
2020-08-27 3:49:52 - 
2020-08-27 3:49:53 - {"multicast_id":3290783990654420923,"success":1,"failure":0,"canonical_ids":0,"results":[{"message_id":"0:1598500193237808%3083a1e33083a1e3"}]}
2020-08-27 3:55:10 - 
2020-08-27 3:55:10 - KONFULON
2020-08-27 3:56:15 - 
2020-08-27 3:56:15 - KONFULON
2020-08-27 4:06:26 - 
2020-08-27 4:06:26 - KONFULON
2020-08-27 4:07:58 - 
2020-08-27 4:07:58 - KONFULON
2020-08-27 4:08:08 - 
2020-08-27 4:08:08 - KONFULON
2020-08-27 4:09:38 - 
2020-08-27 4:09:38 - KONFULON
2020-08-27 4:14:00 - 
2020-08-27 4:14:00 - KONFULON
2020-08-27 4:14:15 - 
2020-08-27 4:14:15 - KONFULON
2020-08-27 4:15:01 - 
2020-08-27 4:15:01 - KONFULON
2020-08-27 4:15:44 - 
2020-08-27 4:15:44 - KONFULON
2020-08-27 4:16:24 - 
2020-08-27 4:16:24 - KONFULON
2020-08-27 4:17:27 - 
2020-08-27 4:17:27 - KONFULON
2020-08-27 4:17:40 - 
2020-08-27 4:17:40 - KONFULON
2020-08-27 4:18:01 - 
2020-08-27 4:18:01 - KONFULON
